[ 2017-05-09T09:24:23+08:00 ] ::1 /mogu/Application/Home/View/ConfirmOrder/__PUBLIC__./common/Font-Awesome-master/css/font-awesome.min.css
INFO: [ app_init ] --START--
INFO: Run Behavior\BuildLiteBehavior [ RunTime:0.000000s ]
INFO: [ app_init ] --END-- [ RunTime:0.001000s ]
ERR: 无法加载模块:Application

[ 2017-05-09T09:24:23+08:00 ] ::1 /mogu/Application/Home/View/ConfirmOrder/__PUBLIC__/home/images/header_sp3.jpg
INFO: [ app_init ] --START--
INFO: Run Behavior\BuildLiteBehavior [ RunTime:0.001000s ]
INFO: [ app_init ] --END-- [ RunTime:0.001000s ]
ERR: 无法加载模块:Application

[ 2017-05-09T09:24:23+08:00 ] ::1 /mogu/Application/Home/View/ConfirmOrder/__PUBLIC__/home/css/Confirm_Order.css
INFO: [ app_init ] --START--
INFO: Run Behavior\BuildLiteBehavior [ RunTime:0.001000s ]
INFO: [ app_init ] --END-- [ RunTime:0.004000s ]
ERR: 无法加载模块:Application

[ 2017-05-09T09:24:23+08:00 ] ::1 /mogu/Application/Home/View/ConfirmOrder/__PUBLIC__./common/bootstrap-3.3.7/css/bootstrap.min.css
INFO: [ app_init ] --START--
INFO: Run Behavior\BuildLiteBehavior [ RunTime:0.000000s ]
INFO: [ app_init ] --END-- [ RunTime:0.000000s ]
ERR: 无法加载模块:Application

[ 2017-05-09T09:24:23+08:00 ] ::1 /mogu/Application/Home/View/ConfirmOrder/__PUBLIC__/home/css/header.css
INFO: [ app_init ] --START--
INFO: Run Behavior\BuildLiteBehavior [ RunTime:0.000000s ]
INFO: [ app_init ] --END-- [ RunTime:0.001000s ]
ERR: 无法加载模块:Application

[ 2017-05-09T09:24:23+08:00 ] ::1 /mogu/Application/Home/View/ConfirmOrder/__PUBLIC__/home/images/header_sp1.jpg
INFO: [ app_init ] --START--
INFO: Run Behavior\BuildLiteBehavior [ RunTime:0.000000s ]
INFO: [ app_init ] --END-- [ RunTime:0.001000s ]
ERR: 无法加载模块:Application

[ 2017-05-09T09:24:23+08:00 ] ::1 /mogu/Application/Home/View/ConfirmOrder/__PUBLIC__/home/images/header_sp2.jpg
INFO: [ app_init ] --START--
INFO: Run Behavior\BuildLiteBehavior [ RunTime:0.000000s ]
INFO: [ app_init ] --END-- [ RunTime:0.007000s ]
ERR: 无法加载模块:Application

[ 2017-05-09T09:24:23+08:00 ] ::1 /mogu/Application/Home/View/ConfirmOrder/__PUBLIC__/home/images/s_c_100x100.jpg
INFO: [ app_init ] --START--
INFO: Run Behavior\BuildLiteBehavior [ RunTime:0.000000s ]
INFO: [ app_init ] --END-- [ RunTime:0.001000s ]
ERR: 无法加载模块:Application

[ 2017-05-09T09:38:55+08:00 ] ::1 /mogu/Public/Apphome/images/bottom3.1_44x44.png
INFO: [ app_init ] --START--
INFO: Run Behavior\BuildLiteBehavior [ RunTime:0.001000s ]
INFO: [ app_init ] --END-- [ RunTime:0.002000s ]
ERR: 无法加载模块:Public

[ 2017-05-09T09:38:59+08:00 ] ::1 /mogu/Public/Apphome/images/bottom3.1_44x44.png
INFO: [ app_init ] --START--
INFO: Run Behavior\BuildLiteBehavior [ RunTime:0.000000s ]
INFO: [ app_init ] --END-- [ RunTime:0.001000s ]
ERR: 无法加载模块:Public

[ 2017-05-09T09:39:00+08:00 ] ::1 /mogu/Public/Apphome/images/bottom3.1_44x44.png
INFO: [ app_init ] --START--
INFO: Run Behavior\BuildLiteBehavior [ RunTime:0.000000s ]
INFO: [ app_init ] --END-- [ RunTime:0.002000s ]
ERR: 无法加载模块:Public

[ 2017-05-09T09:39:09+08:00 ] ::1 /mogu/Public/Apphome/images/bottom3.1_44x44.png
INFO: [ app_init ] --START--
INFO: Run Behavior\BuildLiteBehavior [ RunTime:0.000000s ]
INFO: [ app_init ] --END-- [ RunTime:0.001000s ]
ERR: 无法加载模块:Public

[ 2017-05-09T09:40:22+08:00 ] ::1 /mogu/Public/Apphome/images/bottom3.1_44x44.png
INFO: [ app_init ] --START--
INFO: Run Behavior\BuildLiteBehavior [ RunTime:0.000000s ]
INFO: [ app_init ] --END-- [ RunTime:0.001001s ]
ERR: 无法加载模块:Public

[ 2017-05-09T09:40:23+08:00 ] ::1 /mogu/Public/Apphome/images/bottom3.1_44x44.png
INFO: [ app_init ] --START--
INFO: Run Behavior\BuildLiteBehavior [ RunTime:0.000000s ]
INFO: [ app_init ] --END-- [ RunTime:0.001000s ]
ERR: 无法加载模块:Public

[ 2017-05-09T09:40:26+08:00 ] ::1 /mogu/Public/Apphome/images/bottom3.1_44x44.png
INFO: [ app_init ] --START--
INFO: Run Behavior\BuildLiteBehavior [ RunTime:0.000000s ]
INFO: [ app_init ] --END-- [ RunTime:0.003000s ]
ERR: 无法加载模块:Public

[ 2017-05-09T09:40:27+08:00 ] ::1 /mogu/Public/Apphome/images/bottom3.1_44x44.png
INFO: [ app_init ] --START--
INFO: Run Behavior\BuildLiteBehavior [ RunTime:0.000000s ]
INFO: [ app_init ] --END-- [ RunTime:0.001000s ]
ERR: 无法加载模块:Public

[ 2017-05-09T09:40:29+08:00 ] ::1 /mogu/Public/Apphome/images/bottom3.1_44x44.png
INFO: [ app_init ] --START--
INFO: Run Behavior\BuildLiteBehavior [ RunTime:0.000000s ]
INFO: [ app_init ] --END-- [ RunTime:0.001000s ]
ERR: 无法加载模块:Public

[ 2017-05-09T09:40:32+08:00 ] ::1 /mogu/Public/Apphome/images/bottom3.1_44x44.png
INFO: [ app_init ] --START--
INFO: Run Behavior\BuildLiteBehavior [ RunTime:0.000000s ]
INFO: [ app_init ] --END-- [ RunTime:0.001000s ]
ERR: 无法加载模块:Public

[ 2017-05-09T10:33:43+08:00 ] ::1 /mogu/Public/Apphome/images/bottom2.1_44x44bottom2_44x44.png
INFO: [ app_init ] --START--
INFO: Run Behavior\BuildLiteBehavior [ RunTime:0.000000s ]
INFO: [ app_init ] --END-- [ RunTime:0.000000s ]
ERR: 无法加载模块:Public

[ 2017-05-09T10:33:43+08:00 ] ::1 /mogu/Public/Apphome/images/bottom2.1_44x44bottom2_44x44.png
INFO: [ app_init ] --START--
INFO: Run Behavior\BuildLiteBehavior [ RunTime:0.000000s ]
INFO: [ app_init ] --END-- [ RunTime:0.001000s ]
ERR: 无法加载模块:Public

[ 2017-05-09T10:33:43+08:00 ] ::1 /mogu/Public/Apphome/images/bottom2.1_44x44bottom2_44x44.png
INFO: [ app_init ] --START--
INFO: Run Behavior\BuildLiteBehavior [ RunTime:0.000000s ]
INFO: [ app_init ] --END-- [ RunTime:0.002000s ]
ERR: 无法加载模块:Public

[ 2017-05-09T10:33:44+08:00 ] ::1 /mogu/Public/Apphome/images/bottom2.1_44x44bottom2_44x44.png
INFO: [ app_init ] --START--
INFO: Run Behavior\BuildLiteBehavior [ RunTime:0.000000s ]
INFO: [ app_init ] --END-- [ RunTime:0.002000s ]
ERR: 无法加载模块:Public

[ 2017-05-09T10:33:44+08:00 ] ::1 /mogu/Public/Apphome/images/bottom2.1_44x44bottom2_44x44.png
INFO: [ app_init ] --START--
INFO: Run Behavior\BuildLiteBehavior [ RunTime:0.000000s ]
INFO: [ app_init ] --END-- [ RunTime:0.002001s ]
ERR: 无法加载模块:Public

[ 2017-05-09T10:33:44+08:00 ] ::1 /mogu/Public/Apphome/images/bottom2.1_44x44bottom2_44x44.png
INFO: [ app_init ] --START--
INFO: Run Behavior\BuildLiteBehavior [ RunTime:0.000000s ]
INFO: [ app_init ] --END-- [ RunTime:0.001000s ]
ERR: 无法加载模块:Public

