[ 2017-04-25T14:41:54+08:00 ] ::1 /mogu/Public/admin/css/header.css
INFO: [ app_init ] --START--
INFO: Run Behavior\BuildLiteBehavior [ RunTime:0.000046s ]
INFO: [ app_init ] --END-- [ RunTime:0.000748s ]
ERR: 无法加载模块:Public

[ 2017-04-25T14:41:54+08:00 ] ::1 /mogu/Public/admin/Bootstrap3.3.7/css/bootstrap.min.css
INFO: [ app_init ] --START--
INFO: Run Behavior\BuildLiteBehavior [ RunTime:0.000049s ]
INFO: [ app_init ] --END-- [ RunTime:0.000748s ]
ERR: 无法加载模块:Public

[ 2017-04-25T14:41:54+08:00 ] ::1 /mogu/Public/admin/Font-Awesome-master/css/font-awesome.min.css
INFO: [ app_init ] --START--
INFO: Run Behavior\BuildLiteBehavior [ RunTime:0.000050s ]
INFO: [ app_init ] --END-- [ RunTime:0.000680s ]
ERR: 无法加载模块:Public

[ 2017-04-25T14:41:54+08:00 ] ::1 /mogu/Public/admin/Bootstrap3.3.7/js/jquery-1.11.1.min.js
INFO: [ app_init ] --START--
INFO: Run Behavior\BuildLiteBehavior [ RunTime:0.000039s ]
INFO: [ app_init ] --END-- [ RunTime:0.000610s ]
ERR: 无法加载模块:Public

[ 2017-04-25T14:41:54+08:00 ] ::1 /mogu/Public/admin/js/header.js
INFO: [ app_init ] --START--
INFO: Run Behavior\BuildLiteBehavior [ RunTime:0.000054s ]
INFO: [ app_init ] --END-- [ RunTime:0.000885s ]
ERR: 无法加载模块:Public

[ 2017-04-25T14:41:54+08:00 ] ::1 /mogu/Public/admin/images/logo.png
INFO: [ app_init ] --START--
INFO: Run Behavior\BuildLiteBehavior [ RunTime:0.000047s ]
INFO: [ app_init ] --END-- [ RunTime:0.000793s ]
ERR: 无法加载模块:Public

[ 2017-04-25T14:41:54+08:00 ] ::1 /mogu/Public/admin/Bootstrap3.3.7/js/bootstrap.min.js
INFO: [ app_init ] --START--
INFO: Run Behavior\BuildLiteBehavior [ RunTime:0.000049s ]
INFO: [ app_init ] --END-- [ RunTime:0.000620s ]
ERR: 无法加载模块:Public

[ 2017-04-25T14:41:55+08:00 ] ::1 /mogu/Public/admin/images/user.jpg
INFO: [ app_init ] --START--
INFO: Run Behavior\BuildLiteBehavior [ RunTime:0.000050s ]
INFO: [ app_init ] --END-- [ RunTime:0.004216s ]
ERR: 无法加载模块:Public

[ 2017-04-25T14:41:55+08:00 ] ::1 /mogu/Public/admin/js/header.js
INFO: [ app_init ] --START--
INFO: Run Behavior\BuildLiteBehavior [ RunTime:0.000031s ]
INFO: [ app_init ] --END-- [ RunTime:0.000509s ]
ERR: 无法加载模块:Public

[ 2017-04-25T14:44:02+08:00 ] ::1 /mogu/Public/common/Bootstrap3.3.7/css/bootstrap.min.css
INFO: [ app_init ] --START--
INFO: Run Behavior\BuildLiteBehavior [ RunTime:0.000049s ]
INFO: [ app_init ] --END-- [ RunTime:0.002171s ]
ERR: 无法加载模块:Public

[ 2017-04-25T14:44:02+08:00 ] ::1 /mogu/Public/admin/Bootstrap3.3.7/js/jquery-1.11.1.min.js
INFO: [ app_init ] --START--
INFO: Run Behavior\BuildLiteBehavior [ RunTime:0.000044s ]
INFO: [ app_init ] --END-- [ RunTime:0.000803s ]
ERR: 无法加载模块:Public

[ 2017-04-25T14:44:02+08:00 ] ::1 /mogu/Public/admin/Bootstrap3.3.7/js/bootstrap.min.js
INFO: [ app_init ] --START--
INFO: Run Behavior\BuildLiteBehavior [ RunTime:0.000055s ]
INFO: [ app_init ] --END-- [ RunTime:0.000841s ]
ERR: 无法加载模块:Public

[ 2017-04-25T14:44:25+08:00 ] ::1 /mogu/Public/common/Bootstrap3.3.7/js/jquery-1.11.1.min.js
INFO: [ app_init ] --START--
INFO: Run Behavior\BuildLiteBehavior [ RunTime:0.000046s ]
INFO: [ app_init ] --END-- [ RunTime:0.000686s ]
ERR: 无法加载模块:Public

[ 2017-04-25T14:44:25+08:00 ] ::1 /mogu/Public/common/Bootstrap3.3.7/css/bootstrap.min.css
INFO: [ app_init ] --START--
INFO: Run Behavior\BuildLiteBehavior [ RunTime:0.000049s ]
INFO: [ app_init ] --END-- [ RunTime:0.000765s ]
ERR: 无法加载模块:Public

[ 2017-04-25T14:44:25+08:00 ] ::1 /mogu/Public/common/Bootstrap3.3.7/js/bootstrap.min.js
INFO: [ app_init ] --START--
INFO: Run Behavior\BuildLiteBehavior [ RunTime:0.000071s ]
INFO: [ app_init ] --END-- [ RunTime:0.001062s ]
ERR: 无法加载模块:Public

[ 2017-04-25T14:44:44+08:00 ] ::1 /mogu/Public/common/bootstrap3.3.7/css/bootstrap.min.css
INFO: [ app_init ] --START--
INFO: Run Behavior\BuildLiteBehavior [ RunTime:0.000062s ]
INFO: [ app_init ] --END-- [ RunTime:0.000852s ]
ERR: 无法加载模块:Public

[ 2017-04-25T14:44:44+08:00 ] ::1 /mogu/Public/common/bootstrap3.3.7/js/jquery-1.11.1.min.js
INFO: [ app_init ] --START--
INFO: Run Behavior\BuildLiteBehavior [ RunTime:0.000049s ]
INFO: [ app_init ] --END-- [ RunTime:0.001136s ]
ERR: 无法加载模块:Public

[ 2017-04-25T14:44:44+08:00 ] ::1 /mogu/Public/common/bootstrap3.3.7/js/bootstrap.min.js
INFO: [ app_init ] --START--
INFO: Run Behavior\BuildLiteBehavior [ RunTime:0.000049s ]
INFO: [ app_init ] --END-- [ RunTime:0.000778s ]
ERR: 无法加载模块:Public

[ 2017-04-25T19:03:12+08:00 ] ::1 /mogu/pubile/images/meinv.jpg
INFO: [ app_init ] --START--
INFO: Run Behavior\BuildLiteBehavior [ RunTime:0.000050s ]
INFO: [ app_init ] --END-- [ RunTime:0.000783s ]
ERR: 无法加载模块:Pubile

[ 2017-04-25T19:03:12+08:00 ] ::1 /mogu/pubile/images/1.2.jpg
INFO: [ app_init ] --START--
INFO: Run Behavior\BuildLiteBehavior [ RunTime:0.000061s ]
INFO: [ app_init ] --END-- [ RunTime:0.000741s ]
ERR: 无法加载模块:Pubile

[ 2017-04-25T19:03:12+08:00 ] ::1 /mogu/pubile/images/right.png
INFO: [ app_init ] --START--
INFO: Run Behavior\BuildLiteBehavior [ RunTime:0.000047s ]
INFO: [ app_init ] --END-- [ RunTime:0.000727s ]
ERR: 无法加载模块:Pubile

[ 2017-04-25T19:03:12+08:00 ] ::1 /mogu/pubile/images/left.png
INFO: [ app_init ] --START--
INFO: Run Behavior\BuildLiteBehavior [ RunTime:0.000046s ]
INFO: [ app_init ] --END-- [ RunTime:0.000725s ]
ERR: 无法加载模块:Pubile

[ 2017-04-25T19:03:12+08:00 ] ::1 /mogu/pubile/images/1.1.jpg
INFO: [ app_init ] --START--
INFO: Run Behavior\BuildLiteBehavior [ RunTime:0.000053s ]
INFO: [ app_init ] --END-- [ RunTime:0.001148s ]
ERR: 无法加载模块:Pubile

[ 2017-04-25T19:03:14+08:00 ] ::1 /mogu/pubile/images/1.2.jpg
INFO: [ app_init ] --START--
INFO: Run Behavior\BuildLiteBehavior [ RunTime:0.000046s ]
INFO: [ app_init ] --END-- [ RunTime:0.000685s ]
ERR: 无法加载模块:Pubile

[ 2017-04-25T19:03:14+08:00 ] ::1 /mogu/pubile/images/1.1.jpg
INFO: [ app_init ] --START--
INFO: Run Behavior\BuildLiteBehavior [ RunTime:0.000044s ]
INFO: [ app_init ] --END-- [ RunTime:0.000697s ]
ERR: 无法加载模块:Pubile

[ 2017-04-25T19:04:15+08:00 ] ::1 /mogu/pubile/images/1.2.jpg
INFO: [ app_init ] --START--
INFO: Run Behavior\BuildLiteBehavior [ RunTime:0.000047s ]
INFO: [ app_init ] --END-- [ RunTime:0.000886s ]
ERR: 无法加载模块:Pubile

[ 2017-04-25T19:04:15+08:00 ] ::1 /mogu/pubile/images/1.1.jpg
INFO: [ app_init ] --START--
INFO: Run Behavior\BuildLiteBehavior [ RunTime:0.000045s ]
INFO: [ app_init ] --END-- [ RunTime:0.000951s ]
ERR: 无法加载模块:Pubile

[ 2017-04-25T19:04:16+08:00 ] ::1 /mogu/pubile/images/1.2.jpg
INFO: [ app_init ] --START--
INFO: Run Behavior\BuildLiteBehavior [ RunTime:0.000077s ]
INFO: [ app_init ] --END-- [ RunTime:0.001975s ]
ERR: 无法加载模块:Pubile

[ 2017-04-25T19:04:16+08:00 ] ::1 /mogu/pubile/images/1.1.jpg
INFO: [ app_init ] --START--
INFO: Run Behavior\BuildLiteBehavior [ RunTime:0.000046s ]
INFO: [ app_init ] --END-- [ RunTime:0.001087s ]
ERR: 无法加载模块:Pubile

[ 2017-04-25T19:04:16+08:00 ] ::1 /mogu/pubile/images/1.1.jpg
INFO: [ app_init ] --START--
INFO: Run Behavior\BuildLiteBehavior [ RunTime:0.000067s ]
INFO: [ app_init ] --END-- [ RunTime:0.001277s ]
ERR: 无法加载模块:Pubile

[ 2017-04-25T19:04:16+08:00 ] ::1 /mogu/pubile/images/1.2.jpg
INFO: [ app_init ] --START--
INFO: Run Behavior\BuildLiteBehavior [ RunTime:0.000028s ]
INFO: [ app_init ] --END-- [ RunTime:0.000503s ]
ERR: 无法加载模块:Pubile

[ 2017-04-25T19:04:17+08:00 ] ::1 /mogu/pubile/images/1.2.jpg
INFO: [ app_init ] --START--
INFO: Run Behavior\BuildLiteBehavior [ RunTime:0.000045s ]
INFO: [ app_init ] --END-- [ RunTime:0.000698s ]
ERR: 无法加载模块:Pubile

[ 2017-04-25T19:04:17+08:00 ] ::1 /mogu/pubile/images/1.1.jpg
INFO: [ app_init ] --START--
INFO: Run Behavior\BuildLiteBehavior [ RunTime:0.000044s ]
INFO: [ app_init ] --END-- [ RunTime:0.000678s ]
ERR: 无法加载模块:Pubile

[ 2017-04-25T19:04:17+08:00 ] ::1 /mogu/pubile/images/1.1.jpg
INFO: [ app_init ] --START--
INFO: Run Behavior\BuildLiteBehavior [ RunTime:0.000045s ]
INFO: [ app_init ] --END-- [ RunTime:0.000796s ]
ERR: 无法加载模块:Pubile

[ 2017-04-25T19:04:17+08:00 ] ::1 /mogu/pubile/images/1.2.jpg
INFO: [ app_init ] --START--
INFO: Run Behavior\BuildLiteBehavior [ RunTime:0.000048s ]
INFO: [ app_init ] --END-- [ RunTime:0.000733s ]
ERR: 无法加载模块:Pubile

[ 2017-04-25T19:04:17+08:00 ] ::1 /mogu/pubile/images/1.2.jpg
INFO: [ app_init ] --START--
INFO: Run Behavior\BuildLiteBehavior [ RunTime:0.000049s ]
INFO: [ app_init ] --END-- [ RunTime:0.000795s ]
ERR: 无法加载模块:Pubile

[ 2017-04-25T19:04:17+08:00 ] ::1 /mogu/pubile/images/1.1.jpg
INFO: [ app_init ] --START--
INFO: Run Behavior\BuildLiteBehavior [ RunTime:0.000050s ]
INFO: [ app_init ] --END-- [ RunTime:0.000732s ]
ERR: 无法加载模块:Pubile

[ 2017-04-25T19:04:17+08:00 ] ::1 /mogu/pubile/images/1.1.jpg
INFO: [ app_init ] --START--
INFO: Run Behavior\BuildLiteBehavior [ RunTime:0.000069s ]
INFO: [ app_init ] --END-- [ RunTime:0.001512s ]
ERR: 无法加载模块:Pubile

[ 2017-04-25T19:04:17+08:00 ] ::1 /mogu/pubile/images/1.2.jpg
INFO: [ app_init ] --START--
INFO: Run Behavior\BuildLiteBehavior [ RunTime:0.000067s ]
INFO: [ app_init ] --END-- [ RunTime:0.001643s ]
ERR: 无法加载模块:Pubile

[ 2017-04-25T19:04:18+08:00 ] ::1 /mogu/pubile/images/1.1.jpg
INFO: [ app_init ] --START--
INFO: Run Behavior\BuildLiteBehavior [ RunTime:0.000103s ]
INFO: [ app_init ] --END-- [ RunTime:0.000996s ]
ERR: 无法加载模块:Pubile

[ 2017-04-25T19:04:18+08:00 ] ::1 /mogu/pubile/images/1.2.jpg
INFO: [ app_init ] --START--
INFO: Run Behavior\BuildLiteBehavior [ RunTime:0.000087s ]
INFO: [ app_init ] --END-- [ RunTime:0.001082s ]
ERR: 无法加载模块:Pubile

[ 2017-04-25T19:04:18+08:00 ] ::1 /mogu/pubile/images/1.2.jpg
INFO: [ app_init ] --START--
INFO: Run Behavior\BuildLiteBehavior [ RunTime:0.000070s ]
INFO: [ app_init ] --END-- [ RunTime:0.001886s ]
ERR: 无法加载模块:Pubile

[ 2017-04-25T19:04:19+08:00 ] ::1 /mogu/pubile/images/1.1.jpg
INFO: [ app_init ] --START--
INFO: Run Behavior\BuildLiteBehavior [ RunTime:0.000042s ]
INFO: [ app_init ] --END-- [ RunTime:0.000662s ]
ERR: 无法加载模块:Pubile

[ 2017-04-25T19:04:19+08:00 ] ::1 /mogu/pubile/images/1.2.jpg
INFO: [ app_init ] --START--
INFO: Run Behavior\BuildLiteBehavior [ RunTime:0.000055s ]
INFO: [ app_init ] --END-- [ RunTime:0.000898s ]
ERR: 无法加载模块:Pubile

[ 2017-04-25T19:04:19+08:00 ] ::1 /mogu/pubile/images/1.2.jpg
INFO: [ app_init ] --START--
INFO: Run Behavior\BuildLiteBehavior [ RunTime:0.000106s ]
INFO: [ app_init ] --END-- [ RunTime:0.001032s ]
ERR: 无法加载模块:Pubile

[ 2017-04-25T19:04:19+08:00 ] ::1 /mogu/pubile/images/1.1.jpg
INFO: [ app_init ] --START--
INFO: Run Behavior\BuildLiteBehavior [ RunTime:0.000125s ]
INFO: [ app_init ] --END-- [ RunTime:0.001320s ]
ERR: 无法加载模块:Pubile

[ 2017-04-25T19:04:20+08:00 ] ::1 /mogu/pubile/images/1.2.jpg
INFO: [ app_init ] --START--
INFO: Run Behavior\BuildLiteBehavior [ RunTime:0.000066s ]
INFO: [ app_init ] --END-- [ RunTime:0.000932s ]
ERR: 无法加载模块:Pubile

[ 2017-04-25T19:04:20+08:00 ] ::1 /mogu/pubile/images/1.1.jpg
INFO: [ app_init ] --START--
INFO: Run Behavior\BuildLiteBehavior [ RunTime:0.000068s ]
INFO: [ app_init ] --END-- [ RunTime:0.001097s ]
ERR: 无法加载模块:Pubile

[ 2017-04-25T19:04:20+08:00 ] ::1 /mogu/pubile/images/1.2.jpg
INFO: [ app_init ] --START--
INFO: Run Behavior\BuildLiteBehavior [ RunTime:0.000047s ]
INFO: [ app_init ] --END-- [ RunTime:0.000669s ]
ERR: 无法加载模块:Pubile

[ 2017-04-25T19:04:20+08:00 ] ::1 /mogu/pubile/images/1.1.jpg
INFO: [ app_init ] --START--
INFO: Run Behavior\BuildLiteBehavior [ RunTime:0.000048s ]
INFO: [ app_init ] --END-- [ RunTime:0.000798s ]
ERR: 无法加载模块:Pubile

[ 2017-04-25T19:04:20+08:00 ] ::1 /mogu/pubile/images/1.1.jpg
INFO: [ app_init ] --START--
INFO: Run Behavior\BuildLiteBehavior [ RunTime:0.000053s ]
INFO: [ app_init ] --END-- [ RunTime:0.000749s ]
ERR: 无法加载模块:Pubile

[ 2017-04-25T19:04:20+08:00 ] ::1 /mogu/pubile/images/1.2.jpg
INFO: [ app_init ] --START--
INFO: Run Behavior\BuildLiteBehavior [ RunTime:0.000054s ]
INFO: [ app_init ] --END-- [ RunTime:0.000859s ]
ERR: 无法加载模块:Pubile

[ 2017-04-25T19:04:20+08:00 ] ::1 /mogu/pubile/images/1.2.jpg
INFO: [ app_init ] --START--
INFO: Run Behavior\BuildLiteBehavior [ RunTime:0.000102s ]
INFO: [ app_init ] --END-- [ RunTime:0.001124s ]
ERR: 无法加载模块:Pubile

[ 2017-04-25T19:04:20+08:00 ] ::1 /mogu/pubile/images/1.1.jpg
INFO: [ app_init ] --START--
INFO: Run Behavior\BuildLiteBehavior [ RunTime:0.000057s ]
INFO: [ app_init ] --END-- [ RunTime:0.000917s ]
ERR: 无法加载模块:Pubile

[ 2017-04-25T19:04:21+08:00 ] ::1 /mogu/pubile/images/1.2.jpg
INFO: [ app_init ] --START--
INFO: Run Behavior\BuildLiteBehavior [ RunTime:0.000048s ]
INFO: [ app_init ] --END-- [ RunTime:0.001061s ]
ERR: 无法加载模块:Pubile

[ 2017-04-25T19:04:21+08:00 ] ::1 /mogu/pubile/images/1.1.jpg
INFO: [ app_init ] --START--
INFO: Run Behavior\BuildLiteBehavior [ RunTime:0.000047s ]
INFO: [ app_init ] --END-- [ RunTime:0.000855s ]
ERR: 无法加载模块:Pubile

[ 2017-04-25T19:04:21+08:00 ] ::1 /mogu/pubile/images/1.1.jpg
INFO: [ app_init ] --START--
INFO: Run Behavior\BuildLiteBehavior [ RunTime:0.000063s ]
INFO: [ app_init ] --END-- [ RunTime:0.001039s ]
ERR: 无法加载模块:Pubile

[ 2017-04-25T19:04:21+08:00 ] ::1 /mogu/pubile/images/1.2.jpg
INFO: [ app_init ] --START--
INFO: Run Behavior\BuildLiteBehavior [ RunTime:0.000081s ]
INFO: [ app_init ] --END-- [ RunTime:0.001117s ]
ERR: 无法加载模块:Pubile

[ 2017-04-25T19:04:21+08:00 ] ::1 /mogu/pubile/images/1.2.jpg
INFO: [ app_init ] --START--
INFO: Run Behavior\BuildLiteBehavior [ RunTime:0.000053s ]
INFO: [ app_init ] --END-- [ RunTime:0.000861s ]
ERR: 无法加载模块:Pubile

[ 2017-04-25T19:04:21+08:00 ] ::1 /mogu/pubile/images/1.1.jpg
INFO: [ app_init ] --START--
INFO: Run Behavior\BuildLiteBehavior [ RunTime:0.000054s ]
INFO: [ app_init ] --END-- [ RunTime:0.000978s ]
ERR: 无法加载模块:Pubile

[ 2017-04-25T19:04:21+08:00 ] ::1 /mogu/pubile/images/1.1.jpg
INFO: [ app_init ] --START--
INFO: Run Behavior\BuildLiteBehavior [ RunTime:0.000046s ]
INFO: [ app_init ] --END-- [ RunTime:0.000717s ]
ERR: 无法加载模块:Pubile

[ 2017-04-25T19:04:21+08:00 ] ::1 /mogu/pubile/images/1.2.jpg
INFO: [ app_init ] --START--
INFO: Run Behavior\BuildLiteBehavior [ RunTime:0.000044s ]
INFO: [ app_init ] --END-- [ RunTime:0.000744s ]
ERR: 无法加载模块:Pubile

[ 2017-04-25T19:04:22+08:00 ] ::1 /mogu/pubile/images/1.2.jpg
INFO: [ app_init ] --START--
INFO: Run Behavior\BuildLiteBehavior [ RunTime:0.000049s ]
INFO: [ app_init ] --END-- [ RunTime:0.000763s ]
ERR: 无法加载模块:Pubile

[ 2017-04-25T19:04:22+08:00 ] ::1 /mogu/pubile/images/1.1.jpg
INFO: [ app_init ] --START--
INFO: Run Behavior\BuildLiteBehavior [ RunTime:0.000047s ]
INFO: [ app_init ] --END-- [ RunTime:0.000718s ]
ERR: 无法加载模块:Pubile

[ 2017-04-25T19:04:22+08:00 ] ::1 /mogu/pubile/images/1.2.jpg
INFO: [ app_init ] --START--
INFO: Run Behavior\BuildLiteBehavior [ RunTime:0.000066s ]
INFO: [ app_init ] --END-- [ RunTime:0.001060s ]
ERR: 无法加载模块:Pubile

[ 2017-04-25T19:04:22+08:00 ] ::1 /mogu/pubile/images/1.1.jpg
INFO: [ app_init ] --START--
INFO: Run Behavior\BuildLiteBehavior [ RunTime:0.000045s ]
INFO: [ app_init ] --END-- [ RunTime:0.000702s ]
ERR: 无法加载模块:Pubile

[ 2017-04-25T19:04:23+08:00 ] ::1 /mogu/pubile/images/1.2.jpg
INFO: [ app_init ] --START--
INFO: Run Behavior\BuildLiteBehavior [ RunTime:0.000072s ]
INFO: [ app_init ] --END-- [ RunTime:0.001031s ]
ERR: 无法加载模块:Pubile

[ 2017-04-25T19:04:23+08:00 ] ::1 /mogu/pubile/images/1.1.jpg
INFO: [ app_init ] --START--
INFO: Run Behavior\BuildLiteBehavior [ RunTime:0.000119s ]
INFO: [ app_init ] --END-- [ RunTime:0.001099s ]
ERR: 无法加载模块:Pubile

[ 2017-04-25T19:04:23+08:00 ] ::1 /mogu/pubile/images/1.1.jpg
INFO: [ app_init ] --START--
INFO: Run Behavior\BuildLiteBehavior [ RunTime:0.000052s ]
INFO: [ app_init ] --END-- [ RunTime:0.001352s ]
ERR: 无法加载模块:Pubile

[ 2017-04-25T19:04:23+08:00 ] ::1 /mogu/pubile/images/1.2.jpg
INFO: [ app_init ] --START--
INFO: Run Behavior\BuildLiteBehavior [ RunTime:0.000057s ]
INFO: [ app_init ] --END-- [ RunTime:0.001229s ]
ERR: 无法加载模块:Pubile

[ 2017-04-25T19:04:24+08:00 ] ::1 /mogu/pubile/images/1.2.jpg
INFO: [ app_init ] --START--
INFO: Run Behavior\BuildLiteBehavior [ RunTime:0.000050s ]
INFO: [ app_init ] --END-- [ RunTime:0.000715s ]
ERR: 无法加载模块:Pubile

[ 2017-04-25T19:04:24+08:00 ] ::1 /mogu/pubile/images/1.1.jpg
INFO: [ app_init ] --START--
INFO: Run Behavior\BuildLiteBehavior [ RunTime:0.000049s ]
INFO: [ app_init ] --END-- [ RunTime:0.000779s ]
ERR: 无法加载模块:Pubile

[ 2017-04-25T19:04:24+08:00 ] ::1 /mogu/pubile/images/1.1.jpg
INFO: [ app_init ] --START--
INFO: Run Behavior\BuildLiteBehavior [ RunTime:0.000048s ]
INFO: [ app_init ] --END-- [ RunTime:0.000711s ]
ERR: 无法加载模块:Pubile

[ 2017-04-25T19:04:24+08:00 ] ::1 /mogu/pubile/images/1.2.jpg
INFO: [ app_init ] --START--
INFO: Run Behavior\BuildLiteBehavior [ RunTime:0.000052s ]
INFO: [ app_init ] --END-- [ RunTime:0.001546s ]
ERR: 无法加载模块:Pubile

[ 2017-04-25T19:04:25+08:00 ] ::1 /mogu/pubile/images/1.1.jpg
INFO: [ app_init ] --START--
INFO: Run Behavior\BuildLiteBehavior [ RunTime:0.000045s ]
INFO: [ app_init ] --END-- [ RunTime:0.000717s ]
ERR: 无法加载模块:Pubile

[ 2017-04-25T19:04:25+08:00 ] ::1 /mogu/pubile/images/1.2.jpg
INFO: [ app_init ] --START--
INFO: Run Behavior\BuildLiteBehavior [ RunTime:0.000046s ]
INFO: [ app_init ] --END-- [ RunTime:0.000685s ]
ERR: 无法加载模块:Pubile

[ 2017-04-25T19:04:25+08:00 ] ::1 /mogu/pubile/images/1.1.jpg
INFO: [ app_init ] --START--
INFO: Run Behavior\BuildLiteBehavior [ RunTime:0.000136s ]
INFO: [ app_init ] --END-- [ RunTime:0.001238s ]
ERR: 无法加载模块:Pubile

[ 2017-04-25T19:04:25+08:00 ] ::1 /mogu/pubile/images/1.2.jpg
INFO: [ app_init ] --START--
INFO: Run Behavior\BuildLiteBehavior [ RunTime:0.000050s ]
INFO: [ app_init ] --END-- [ RunTime:0.005501s ]
ERR: 无法加载模块:Pubile

[ 2017-04-25T19:04:25+08:00 ] ::1 /mogu/pubile/images/1.1.jpg
INFO: [ app_init ] --START--
INFO: Run Behavior\BuildLiteBehavior [ RunTime:0.000046s ]
INFO: [ app_init ] --END-- [ RunTime:0.000680s ]
ERR: 无法加载模块:Pubile

[ 2017-04-25T19:04:25+08:00 ] ::1 /mogu/pubile/images/1.2.jpg
INFO: [ app_init ] --START--
INFO: Run Behavior\BuildLiteBehavior [ RunTime:0.000044s ]
INFO: [ app_init ] --END-- [ RunTime:0.000682s ]
ERR: 无法加载模块:Pubile

[ 2017-04-25T19:04:26+08:00 ] ::1 /mogu/pubile/images/1.2.jpg
INFO: [ app_init ] --START--
INFO: Run Behavior\BuildLiteBehavior [ RunTime:0.000102s ]
INFO: [ app_init ] --END-- [ RunTime:0.000937s ]
ERR: 无法加载模块:Pubile

[ 2017-04-25T19:04:26+08:00 ] ::1 /mogu/pubile/images/1.1.jpg
INFO: [ app_init ] --START--
INFO: Run Behavior\BuildLiteBehavior [ RunTime:0.000048s ]
INFO: [ app_init ] --END-- [ RunTime:0.000738s ]
ERR: 无法加载模块:Pubile

[ 2017-04-25T19:04:26+08:00 ] ::1 /mogu/pubile/images/1.2.jpg
INFO: [ app_init ] --START--
INFO: Run Behavior\BuildLiteBehavior [ RunTime:0.000045s ]
INFO: [ app_init ] --END-- [ RunTime:0.000809s ]
ERR: 无法加载模块:Pubile

[ 2017-04-25T19:04:26+08:00 ] ::1 /mogu/pubile/images/1.1.jpg
INFO: [ app_init ] --START--
INFO: Run Behavior\BuildLiteBehavior [ RunTime:0.000050s ]
INFO: [ app_init ] --END-- [ RunTime:0.000719s ]
ERR: 无法加载模块:Pubile

[ 2017-04-25T19:04:26+08:00 ] ::1 /mogu/pubile/images/1.2.jpg
INFO: [ app_init ] --START--
INFO: Run Behavior\BuildLiteBehavior [ RunTime:0.000079s ]
INFO: [ app_init ] --END-- [ RunTime:0.001136s ]
ERR: 无法加载模块:Pubile

[ 2017-04-25T19:04:27+08:00 ] ::1 /mogu/pubile/images/1.2.jpg
INFO: [ app_init ] --START--
INFO: Run Behavior\BuildLiteBehavior [ RunTime:0.000070s ]
INFO: [ app_init ] --END-- [ RunTime:0.001141s ]
ERR: 无法加载模块:Pubile

[ 2017-04-25T19:04:27+08:00 ] ::1 /mogu/pubile/images/1.2.jpg
INFO: [ app_init ] --START--
INFO: Run Behavior\BuildLiteBehavior [ RunTime:0.000045s ]
INFO: [ app_init ] --END-- [ RunTime:0.000647s ]
ERR: 无法加载模块:Pubile

[ 2017-04-25T19:04:27+08:00 ] ::1 /mogu/pubile/images/1.1.jpg
INFO: [ app_init ] --START--
INFO: Run Behavior\BuildLiteBehavior [ RunTime:0.000047s ]
INFO: [ app_init ] --END-- [ RunTime:0.000696s ]
ERR: 无法加载模块:Pubile

[ 2017-04-25T19:04:27+08:00 ] ::1 /mogu/pubile/images/1.2.jpg
INFO: [ app_init ] --START--
INFO: Run Behavior\BuildLiteBehavior [ RunTime:0.000054s ]
INFO: [ app_init ] --END-- [ RunTime:0.000803s ]
ERR: 无法加载模块:Pubile

[ 2017-04-25T19:04:27+08:00 ] ::1 /mogu/pubile/images/1.1.jpg
INFO: [ app_init ] --START--
INFO: Run Behavior\BuildLiteBehavior [ RunTime:0.000040s ]
INFO: [ app_init ] --END-- [ RunTime:0.000591s ]
ERR: 无法加载模块:Pubile

[ 2017-04-25T19:04:27+08:00 ] ::1 /mogu/pubile/images/1.2.jpg
INFO: [ app_init ] --START--
INFO: Run Behavior\BuildLiteBehavior [ RunTime:0.000045s ]
INFO: [ app_init ] --END-- [ RunTime:0.000650s ]
ERR: 无法加载模块:Pubile

[ 2017-04-25T19:04:28+08:00 ] ::1 /mogu/pubile/images/1.1.jpg
INFO: [ app_init ] --START--
INFO: Run Behavior\BuildLiteBehavior [ RunTime:0.000045s ]
INFO: [ app_init ] --END-- [ RunTime:0.000701s ]
ERR: 无法加载模块:Pubile

[ 2017-04-25T19:04:28+08:00 ] ::1 /mogu/pubile/images/1.2.jpg
INFO: [ app_init ] --START--
INFO: Run Behavior\BuildLiteBehavior [ RunTime:0.000046s ]
INFO: [ app_init ] --END-- [ RunTime:0.000732s ]
ERR: 无法加载模块:Pubile

[ 2017-04-25T19:04:28+08:00 ] ::1 /mogu/pubile/images/1.2.jpg
INFO: [ app_init ] --START--
INFO: Run Behavior\BuildLiteBehavior [ RunTime:0.000040s ]
INFO: [ app_init ] --END-- [ RunTime:0.000618s ]
ERR: 无法加载模块:Pubile

[ 2017-04-25T19:04:28+08:00 ] ::1 /mogu/pubile/images/1.1.jpg
INFO: [ app_init ] --START--
INFO: Run Behavior\BuildLiteBehavior [ RunTime:0.000049s ]
INFO: [ app_init ] --END-- [ RunTime:0.001037s ]
ERR: 无法加载模块:Pubile

[ 2017-04-25T19:04:28+08:00 ] ::1 /mogu/pubile/images/1.2.jpg
INFO: [ app_init ] --START--
INFO: Run Behavior\BuildLiteBehavior [ RunTime:0.000044s ]
INFO: [ app_init ] --END-- [ RunTime:0.000709s ]
ERR: 无法加载模块:Pubile

[ 2017-04-25T19:04:28+08:00 ] ::1 /mogu/pubile/images/1.1.jpg
INFO: [ app_init ] --START--
INFO: Run Behavior\BuildLiteBehavior [ RunTime:0.000045s ]
INFO: [ app_init ] --END-- [ RunTime:0.000657s ]
ERR: 无法加载模块:Pubile

[ 2017-04-25T19:04:28+08:00 ] ::1 /mogu/pubile/images/1.2.jpg
INFO: [ app_init ] --START--
INFO: Run Behavior\BuildLiteBehavior [ RunTime:0.000047s ]
INFO: [ app_init ] --END-- [ RunTime:0.000686s ]
ERR: 无法加载模块:Pubile

[ 2017-04-25T19:04:28+08:00 ] ::1 /mogu/pubile/images/1.1.jpg
INFO: [ app_init ] --START--
INFO: Run Behavior\BuildLiteBehavior [ RunTime:0.000051s ]
INFO: [ app_init ] --END-- [ RunTime:0.001133s ]
ERR: 无法加载模块:Pubile

[ 2017-04-25T19:04:29+08:00 ] ::1 /mogu/pubile/images/1.1.jpg
INFO: [ app_init ] --START--
INFO: Run Behavior\BuildLiteBehavior [ RunTime:0.000047s ]
INFO: [ app_init ] --END-- [ RunTime:0.000704s ]
ERR: 无法加载模块:Pubile

[ 2017-04-25T19:04:29+08:00 ] ::1 /mogu/pubile/images/1.2.jpg
INFO: [ app_init ] --START--
INFO: Run Behavior\BuildLiteBehavior [ RunTime:0.000043s ]
INFO: [ app_init ] --END-- [ RunTime:0.000666s ]
ERR: 无法加载模块:Pubile

[ 2017-04-25T19:04:29+08:00 ] ::1 /mogu/pubile/images/1.1.jpg
INFO: [ app_init ] --START--
INFO: Run Behavior\BuildLiteBehavior [ RunTime:0.000048s ]
INFO: [ app_init ] --END-- [ RunTime:0.000708s ]
ERR: 无法加载模块:Pubile

[ 2017-04-25T19:04:29+08:00 ] ::1 /mogu/pubile/images/1.2.jpg
INFO: [ app_init ] --START--
INFO: Run Behavior\BuildLiteBehavior [ RunTime:0.000154s ]
INFO: [ app_init ] --END-- [ RunTime:0.000984s ]
ERR: 无法加载模块:Pubile

[ 2017-04-25T19:04:29+08:00 ] ::1 /mogu/pubile/images/1.1.jpg
INFO: [ app_init ] --START--
INFO: Run Behavior\BuildLiteBehavior [ RunTime:0.000045s ]
INFO: [ app_init ] --END-- [ RunTime:0.000623s ]
ERR: 无法加载模块:Pubile

[ 2017-04-25T19:04:29+08:00 ] ::1 /mogu/pubile/images/1.1.jpg
INFO: [ app_init ] --START--
INFO: Run Behavior\BuildLiteBehavior [ RunTime:0.000048s ]
INFO: [ app_init ] --END-- [ RunTime:0.000818s ]
ERR: 无法加载模块:Pubile

[ 2017-04-25T19:04:29+08:00 ] ::1 /mogu/pubile/images/1.2.jpg
INFO: [ app_init ] --START--
INFO: Run Behavior\BuildLiteBehavior [ RunTime:0.000049s ]
INFO: [ app_init ] --END-- [ RunTime:0.000864s ]
ERR: 无法加载模块:Pubile

[ 2017-04-25T19:04:39+08:00 ] ::1 /mogu/pubile/images/1.2.jpg
INFO: [ app_init ] --START--
INFO: Run Behavior\BuildLiteBehavior [ RunTime:0.000052s ]
INFO: [ app_init ] --END-- [ RunTime:0.000781s ]
ERR: 无法加载模块:Pubile

[ 2017-04-25T19:04:39+08:00 ] ::1 /mogu/pubile/images/1.1.jpg
INFO: [ app_init ] --START--
INFO: Run Behavior\BuildLiteBehavior [ RunTime:0.000084s ]
INFO: [ app_init ] --END-- [ RunTime:0.001372s ]
ERR: 无法加载模块:Pubile

[ 2017-04-25T19:04:41+08:00 ] ::1 /mogu/pubile/images/1.2.jpg
INFO: [ app_init ] --START--
INFO: Run Behavior\BuildLiteBehavior [ RunTime:0.000045s ]
INFO: [ app_init ] --END-- [ RunTime:0.000651s ]
ERR: 无法加载模块:Pubile

[ 2017-04-25T19:04:41+08:00 ] ::1 /mogu/pubile/images/1.1.jpg
INFO: [ app_init ] --START--
INFO: Run Behavior\BuildLiteBehavior [ RunTime:0.000049s ]
INFO: [ app_init ] --END-- [ RunTime:0.000727s ]
ERR: 无法加载模块:Pubile

[ 2017-04-25T19:05:23+08:00 ] ::1 /mogu/pubile/images/1.2.jpg
INFO: [ app_init ] --START--
INFO: Run Behavior\BuildLiteBehavior [ RunTime:0.000046s ]
INFO: [ app_init ] --END-- [ RunTime:0.000722s ]
ERR: 无法加载模块:Pubile

[ 2017-04-25T19:05:23+08:00 ] ::1 /mogu/pubile/images/1.1.jpg
INFO: [ app_init ] --START--
INFO: Run Behavior\BuildLiteBehavior [ RunTime:0.000046s ]
INFO: [ app_init ] --END-- [ RunTime:0.000680s ]
ERR: 无法加载模块:Pubile

[ 2017-04-25T19:05:23+08:00 ] ::1 /mogu/pubile/images/1.1.jpg
INFO: [ app_init ] --START--
INFO: Run Behavior\BuildLiteBehavior [ RunTime:0.000049s ]
INFO: [ app_init ] --END-- [ RunTime:0.000721s ]
ERR: 无法加载模块:Pubile

[ 2017-04-25T19:05:23+08:00 ] ::1 /mogu/pubile/images/1.2.jpg
INFO: [ app_init ] --START--
INFO: Run Behavior\BuildLiteBehavior [ RunTime:0.000046s ]
INFO: [ app_init ] --END-- [ RunTime:0.000718s ]
ERR: 无法加载模块:Pubile

[ 2017-04-25T19:05:24+08:00 ] ::1 /mogu/pubile/images/1.2.jpg
INFO: [ app_init ] --START--
INFO: Run Behavior\BuildLiteBehavior [ RunTime:0.000057s ]
INFO: [ app_init ] --END-- [ RunTime:0.001015s ]
ERR: 无法加载模块:Pubile

[ 2017-04-25T19:05:24+08:00 ] ::1 /mogu/pubile/images/1.1.jpg
INFO: [ app_init ] --START--
INFO: Run Behavior\BuildLiteBehavior [ RunTime:0.000057s ]
INFO: [ app_init ] --END-- [ RunTime:0.001078s ]
ERR: 无法加载模块:Pubile

[ 2017-04-25T19:05:24+08:00 ] ::1 /mogu/pubile/images/1.1.jpg
INFO: [ app_init ] --START--
INFO: Run Behavior\BuildLiteBehavior [ RunTime:0.000030s ]
INFO: [ app_init ] --END-- [ RunTime:0.000463s ]
ERR: 无法加载模块:Pubile

[ 2017-04-25T19:05:24+08:00 ] ::1 /mogu/pubile/images/1.2.jpg
INFO: [ app_init ] --START--
INFO: Run Behavior\BuildLiteBehavior [ RunTime:0.000029s ]
INFO: [ app_init ] --END-- [ RunTime:0.000479s ]
ERR: 无法加载模块:Pubile

[ 2017-04-25T19:05:26+08:00 ] ::1 /mogu/pubile/images/1.1.jpg
INFO: [ app_init ] --START--
INFO: Run Behavior\BuildLiteBehavior [ RunTime:0.000047s ]
INFO: [ app_init ] --END-- [ RunTime:0.000736s ]
ERR: 无法加载模块:Pubile

[ 2017-04-25T19:05:26+08:00 ] ::1 /mogu/pubile/images/1.2.jpg
INFO: [ app_init ] --START--
INFO: Run Behavior\BuildLiteBehavior [ RunTime:0.000052s ]
INFO: [ app_init ] --END-- [ RunTime:0.000785s ]
ERR: 无法加载模块:Pubile

[ 2017-04-25T19:05:27+08:00 ] ::1 /mogu/pubile/images/1.1.jpg
INFO: [ app_init ] --START--
INFO: Run Behavior\BuildLiteBehavior [ RunTime:0.000046s ]
INFO: [ app_init ] --END-- [ RunTime:0.000692s ]
ERR: 无法加载模块:Pubile

[ 2017-04-25T19:05:27+08:00 ] ::1 /mogu/pubile/images/1.2.jpg
INFO: [ app_init ] --START--
INFO: Run Behavior\BuildLiteBehavior [ RunTime:0.000047s ]
INFO: [ app_init ] --END-- [ RunTime:0.000737s ]
ERR: 无法加载模块:Pubile

[ 2017-04-25T19:05:27+08:00 ] ::1 /mogu/pubile/images/1.2.jpg
INFO: [ app_init ] --START--
INFO: Run Behavior\BuildLiteBehavior [ RunTime:0.000050s ]
INFO: [ app_init ] --END-- [ RunTime:0.000820s ]
ERR: 无法加载模块:Pubile

[ 2017-04-25T19:05:27+08:00 ] ::1 /mogu/pubile/images/1.1.jpg
INFO: [ app_init ] --START--
INFO: Run Behavior\BuildLiteBehavior [ RunTime:0.000076s ]
INFO: [ app_init ] --END-- [ RunTime:0.002311s ]
ERR: 无法加载模块:Pubile

[ 2017-04-25T19:05:29+08:00 ] ::1 /mogu/pubile/images/1.2.jpg
INFO: [ app_init ] --START--
INFO: Run Behavior\BuildLiteBehavior [ RunTime:0.000069s ]
INFO: [ app_init ] --END-- [ RunTime:0.001171s ]
ERR: 无法加载模块:Pubile

[ 2017-04-25T19:05:29+08:00 ] ::1 /mogu/pubile/images/1.1.jpg
INFO: [ app_init ] --START--
INFO: Run Behavior\BuildLiteBehavior [ RunTime:0.000047s ]
INFO: [ app_init ] --END-- [ RunTime:0.000898s ]
ERR: 无法加载模块:Pubile

[ 2017-04-25T19:05:33+08:00 ] ::1 /mogu/pubile/images/1.1.jpg
INFO: [ app_init ] --START--
INFO: Run Behavior\BuildLiteBehavior [ RunTime:0.000044s ]
INFO: [ app_init ] --END-- [ RunTime:0.000789s ]
ERR: 无法加载模块:Pubile

[ 2017-04-25T19:05:33+08:00 ] ::1 /mogu/pubile/images/1.2.jpg
INFO: [ app_init ] --START--
INFO: Run Behavior\BuildLiteBehavior [ RunTime:0.000049s ]
INFO: [ app_init ] --END-- [ RunTime:0.000944s ]
ERR: 无法加载模块:Pubile

[ 2017-04-25T19:05:36+08:00 ] ::1 /mogu/pubile/images/1.2.jpg
INFO: [ app_init ] --START--
INFO: Run Behavior\BuildLiteBehavior [ RunTime:0.000047s ]
INFO: [ app_init ] --END-- [ RunTime:0.000664s ]
ERR: 无法加载模块:Pubile

[ 2017-04-25T19:05:36+08:00 ] ::1 /mogu/pubile/images/1.1.jpg
INFO: [ app_init ] --START--
INFO: Run Behavior\BuildLiteBehavior [ RunTime:0.000051s ]
INFO: [ app_init ] --END-- [ RunTime:0.000785s ]
ERR: 无法加载模块:Pubile

[ 2017-04-25T19:05:37+08:00 ] ::1 /mogu/pubile/images/1.1.jpg
INFO: [ app_init ] --START--
INFO: Run Behavior\BuildLiteBehavior [ RunTime:0.000049s ]
INFO: [ app_init ] --END-- [ RunTime:0.000751s ]
ERR: 无法加载模块:Pubile

[ 2017-04-25T19:05:37+08:00 ] ::1 /mogu/pubile/images/1.2.jpg
INFO: [ app_init ] --START--
INFO: Run Behavior\BuildLiteBehavior [ RunTime:0.000045s ]
INFO: [ app_init ] --END-- [ RunTime:0.000708s ]
ERR: 无法加载模块:Pubile

[ 2017-04-25T19:28:34+08:00 ] ::1 /mogu/pubile/images/1.2.jpg
INFO: [ app_init ] --START--
INFO: Run Behavior\BuildLiteBehavior [ RunTime:0.000049s ]
INFO: [ app_init ] --END-- [ RunTime:0.000898s ]
ERR: 无法加载模块:Pubile

[ 2017-04-25T19:28:34+08:00 ] ::1 /mogu/pubile/images/1.1.jpg
INFO: [ app_init ] --START--
INFO: Run Behavior\BuildLiteBehavior [ RunTime:0.000047s ]
INFO: [ app_init ] --END-- [ RunTime:0.000950s ]
ERR: 无法加载模块:Pubile

[ 2017-04-25T19:28:34+08:00 ] ::1 /mogu/pubile/images/1.2.jpg
INFO: [ app_init ] --START--
INFO: Run Behavior\BuildLiteBehavior [ RunTime:0.000041s ]
INFO: [ app_init ] --END-- [ RunTime:0.000731s ]
ERR: 无法加载模块:Pubile

[ 2017-04-25T19:28:34+08:00 ] ::1 /mogu/pubile/images/1.1.jpg
INFO: [ app_init ] --START--
INFO: Run Behavior\BuildLiteBehavior [ RunTime:0.000044s ]
INFO: [ app_init ] --END-- [ RunTime:0.000835s ]
ERR: 无法加载模块:Pubile

[ 2017-04-25T19:28:34+08:00 ] ::1 /mogu/pubile/images/1.2.jpg
INFO: [ app_init ] --START--
INFO: Run Behavior\BuildLiteBehavior [ RunTime:0.000042s ]
INFO: [ app_init ] --END-- [ RunTime:0.000688s ]
ERR: 无法加载模块:Pubile

[ 2017-04-25T19:28:35+08:00 ] ::1 /mogu/pubile/images/1.1.jpg
INFO: [ app_init ] --START--
INFO: Run Behavior\BuildLiteBehavior [ RunTime:0.000039s ]
INFO: [ app_init ] --END-- [ RunTime:0.000811s ]
ERR: 无法加载模块:Pubile

[ 2017-04-25T19:28:35+08:00 ] ::1 /mogu/pubile/images/1.2.jpg
INFO: [ app_init ] --START--
INFO: Run Behavior\BuildLiteBehavior [ RunTime:0.000041s ]
INFO: [ app_init ] --END-- [ RunTime:0.000866s ]
ERR: 无法加载模块:Pubile

[ 2017-04-25T19:28:35+08:00 ] ::1 /mogu/pubile/images/1.2.jpg
INFO: [ app_init ] --START--
INFO: Run Behavior\BuildLiteBehavior [ RunTime:0.000087s ]
INFO: [ app_init ] --END-- [ RunTime:0.000977s ]
ERR: 无法加载模块:Pubile

[ 2017-04-25T19:28:35+08:00 ] ::1 /mogu/pubile/images/1.1.jpg
INFO: [ app_init ] --START--
INFO: Run Behavior\BuildLiteBehavior [ RunTime:0.000041s ]
INFO: [ app_init ] --END-- [ RunTime:0.000666s ]
ERR: 无法加载模块:Pubile

[ 2017-04-25T19:28:36+08:00 ] ::1 /mogu/pubile/images/1.2.jpg
INFO: [ app_init ] --START--
INFO: Run Behavior\BuildLiteBehavior [ RunTime:0.000040s ]
INFO: [ app_init ] --END-- [ RunTime:0.000960s ]
ERR: 无法加载模块:Pubile

[ 2017-04-25T19:28:36+08:00 ] ::1 /mogu/pubile/images/1.2.jpg
INFO: [ app_init ] --START--
INFO: Run Behavior\BuildLiteBehavior [ RunTime:0.000049s ]
INFO: [ app_init ] --END-- [ RunTime:0.001466s ]
ERR: 无法加载模块:Pubile

[ 2017-04-25T19:28:36+08:00 ] ::1 /mogu/pubile/images/1.1.jpg
INFO: [ app_init ] --START--
INFO: Run Behavior\BuildLiteBehavior [ RunTime:0.000043s ]
INFO: [ app_init ] --END-- [ RunTime:0.002774s ]
ERR: 无法加载模块:Pubile

[ 2017-04-25T19:28:37+08:00 ] ::1 /mogu/pubile/images/1.1.jpg
INFO: [ app_init ] --START--
INFO: Run Behavior\BuildLiteBehavior [ RunTime:0.000045s ]
INFO: [ app_init ] --END-- [ RunTime:0.000780s ]
ERR: 无法加载模块:Pubile

[ 2017-04-25T19:28:37+08:00 ] ::1 /mogu/pubile/images/1.1.jpg
INFO: [ app_init ] --START--
INFO: Run Behavior\BuildLiteBehavior [ RunTime:0.000076s ]
INFO: [ app_init ] --END-- [ RunTime:0.000662s ]
ERR: 无法加载模块:Pubile

[ 2017-04-25T19:28:37+08:00 ] ::1 /mogu/pubile/images/1.2.jpg
INFO: [ app_init ] --START--
INFO: Run Behavior\BuildLiteBehavior [ RunTime:0.000045s ]
INFO: [ app_init ] --END-- [ RunTime:0.000864s ]
ERR: 无法加载模块:Pubile

[ 2017-04-25T19:32:22+08:00 ] ::1 /mogu/pubile/images/1.2.jpg
INFO: [ app_init ] --START--
INFO: Run Behavior\BuildLiteBehavior [ RunTime:0.000040s ]
INFO: [ app_init ] --END-- [ RunTime:0.000591s ]
ERR: 无法加载模块:Pubile

[ 2017-04-25T19:32:22+08:00 ] ::1 /mogu/pubile/images/1.1.jpg
INFO: [ app_init ] --START--
INFO: Run Behavior\BuildLiteBehavior [ RunTime:0.000040s ]
INFO: [ app_init ] --END-- [ RunTime:0.000580s ]
ERR: 无法加载模块:Pubile

[ 2017-04-25T19:32:23+08:00 ] ::1 /mogu/pubile/images/1.1.jpg
INFO: [ app_init ] --START--
INFO: Run Behavior\BuildLiteBehavior [ RunTime:0.000040s ]
INFO: [ app_init ] --END-- [ RunTime:0.000611s ]
ERR: 无法加载模块:Pubile

[ 2017-04-25T19:32:23+08:00 ] ::1 /mogu/pubile/images/1.2.jpg
INFO: [ app_init ] --START--
INFO: Run Behavior\BuildLiteBehavior [ RunTime:0.000035s ]
INFO: [ app_init ] --END-- [ RunTime:0.000541s ]
ERR: 无法加载模块:Pubile

[ 2017-04-25T19:32:24+08:00 ] ::1 /mogu/pubile/images/1.1.jpg
INFO: [ app_init ] --START--
INFO: Run Behavior\BuildLiteBehavior [ RunTime:0.000029s ]
INFO: [ app_init ] --END-- [ RunTime:0.000470s ]
ERR: 无法加载模块:Pubile

[ 2017-04-25T19:32:24+08:00 ] ::1 /mogu/pubile/images/1.2.jpg
INFO: [ app_init ] --START--
INFO: Run Behavior\BuildLiteBehavior [ RunTime:0.000024s ]
INFO: [ app_init ] --END-- [ RunTime:0.000421s ]
ERR: 无法加载模块:Pubile

[ 2017-04-25T19:32:24+08:00 ] ::1 /mogu/pubile/images/1.1.jpg
INFO: [ app_init ] --START--
INFO: Run Behavior\BuildLiteBehavior [ RunTime:0.000040s ]
INFO: [ app_init ] --END-- [ RunTime:0.000558s ]
ERR: 无法加载模块:Pubile

[ 2017-04-25T19:32:25+08:00 ] ::1 /mogu/pubile/images/1.2.jpg
INFO: [ app_init ] --START--
INFO: Run Behavior\BuildLiteBehavior [ RunTime:0.000042s ]
INFO: [ app_init ] --END-- [ RunTime:0.000610s ]
ERR: 无法加载模块:Pubile

[ 2017-04-25T19:32:25+08:00 ] ::1 /mogu/pubile/images/1.2.jpg
INFO: [ app_init ] --START--
INFO: Run Behavior\BuildLiteBehavior [ RunTime:0.000037s ]
INFO: [ app_init ] --END-- [ RunTime:0.000613s ]
ERR: 无法加载模块:Pubile

[ 2017-04-25T19:32:25+08:00 ] ::1 /mogu/pubile/images/1.1.jpg
INFO: [ app_init ] --START--
INFO: Run Behavior\BuildLiteBehavior [ RunTime:0.000035s ]
INFO: [ app_init ] --END-- [ RunTime:0.000529s ]
ERR: 无法加载模块:Pubile

[ 2017-04-25T19:32:26+08:00 ] ::1 /mogu/pubile/images/1.2.jpg
INFO: [ app_init ] --START--
INFO: Run Behavior\BuildLiteBehavior [ RunTime:0.000038s ]
INFO: [ app_init ] --END-- [ RunTime:0.000619s ]
ERR: 无法加载模块:Pubile

[ 2017-04-25T19:32:26+08:00 ] ::1 /mogu/pubile/images/1.2.jpg
INFO: [ app_init ] --START--
INFO: Run Behavior\BuildLiteBehavior [ RunTime:0.000255s ]
INFO: [ app_init ] --END-- [ RunTime:0.001136s ]
ERR: 无法加载模块:Pubile

[ 2017-04-25T19:32:26+08:00 ] ::1 /mogu/pubile/images/1.1.jpg
INFO: [ app_init ] --START--
INFO: Run Behavior\BuildLiteBehavior [ RunTime:0.000032s ]
INFO: [ app_init ] --END-- [ RunTime:0.000633s ]
ERR: 无法加载模块:Pubile

[ 2017-04-25T19:32:27+08:00 ] ::1 /mogu/pubile/images/1.1.jpg
INFO: [ app_init ] --START--
INFO: Run Behavior\BuildLiteBehavior [ RunTime:0.000040s ]
INFO: [ app_init ] --END-- [ RunTime:0.000477s ]
ERR: 无法加载模块:Pubile

[ 2017-04-25T19:32:27+08:00 ] ::1 /mogu/pubile/images/1.2.jpg
INFO: [ app_init ] --START--
INFO: Run Behavior\BuildLiteBehavior [ RunTime:0.000039s ]
INFO: [ app_init ] --END-- [ RunTime:0.000681s ]
ERR: 无法加载模块:Pubile

[ 2017-04-25T19:32:28+08:00 ] ::1 /mogu/pubile/images/1.1.jpg
INFO: [ app_init ] --START--
INFO: Run Behavior\BuildLiteBehavior [ RunTime:0.000040s ]
INFO: [ app_init ] --END-- [ RunTime:0.000610s ]
ERR: 无法加载模块:Pubile

[ 2017-04-25T19:32:30+08:00 ] ::1 /mogu/pubile/images/1.1.jpg
INFO: [ app_init ] --START--
INFO: Run Behavior\BuildLiteBehavior [ RunTime:0.000043s ]
INFO: [ app_init ] --END-- [ RunTime:0.000660s ]
ERR: 无法加载模块:Pubile

[ 2017-04-25T19:32:30+08:00 ] ::1 /mogu/pubile/images/1.2.jpg
INFO: [ app_init ] --START--
INFO: Run Behavior\BuildLiteBehavior [ RunTime:0.000060s ]
INFO: [ app_init ] --END-- [ RunTime:0.000698s ]
ERR: 无法加载模块:Pubile

[ 2017-04-25T19:32:30+08:00 ] ::1 /mogu/pubile/images/1.1.jpg
INFO: [ app_init ] --START--
INFO: Run Behavior\BuildLiteBehavior [ RunTime:0.000043s ]
INFO: [ app_init ] --END-- [ RunTime:0.000607s ]
ERR: 无法加载模块:Pubile

[ 2017-04-25T19:32:30+08:00 ] ::1 /mogu/pubile/images/1.2.jpg
INFO: [ app_init ] --START--
INFO: Run Behavior\BuildLiteBehavior [ RunTime:0.000067s ]
INFO: [ app_init ] --END-- [ RunTime:0.000904s ]
ERR: 无法加载模块:Pubile

[ 2017-04-25T19:32:32+08:00 ] ::1 /mogu/pubile/images/1.1.jpg
INFO: [ app_init ] --START--
INFO: Run Behavior\BuildLiteBehavior [ RunTime:0.000037s ]
INFO: [ app_init ] --END-- [ RunTime:0.000621s ]
ERR: 无法加载模块:Pubile

[ 2017-04-25T19:32:32+08:00 ] ::1 /mogu/pubile/images/1.2.jpg
INFO: [ app_init ] --START--
INFO: Run Behavior\BuildLiteBehavior [ RunTime:0.000040s ]
INFO: [ app_init ] --END-- [ RunTime:0.000730s ]
ERR: 无法加载模块:Pubile

[ 2017-04-25T19:32:32+08:00 ] ::1 /mogu/pubile/images/1.1.jpg
INFO: [ app_init ] --START--
INFO: Run Behavior\BuildLiteBehavior [ RunTime:0.000036s ]
INFO: [ app_init ] --END-- [ RunTime:0.002362s ]
ERR: 无法加载模块:Pubile

[ 2017-04-25T19:32:32+08:00 ] ::1 /mogu/pubile/images/1.2.jpg
INFO: [ app_init ] --START--
INFO: Run Behavior\BuildLiteBehavior [ RunTime:0.000091s ]
INFO: [ app_init ] --END-- [ RunTime:0.003176s ]
ERR: 无法加载模块:Pubile

[ 2017-04-25T19:32:33+08:00 ] ::1 /mogu/pubile/images/1.1.jpg
INFO: [ app_init ] --START--
INFO: Run Behavior\BuildLiteBehavior [ RunTime:0.000041s ]
INFO: [ app_init ] --END-- [ RunTime:0.000765s ]
ERR: 无法加载模块:Pubile

[ 2017-04-25T19:32:33+08:00 ] ::1 /mogu/pubile/images/1.2.jpg
INFO: [ app_init ] --START--
INFO: Run Behavior\BuildLiteBehavior [ RunTime:0.000065s ]
INFO: [ app_init ] --END-- [ RunTime:0.000930s ]
ERR: 无法加载模块:Pubile

[ 2017-04-25T19:32:33+08:00 ] ::1 /mogu/pubile/images/1.1.jpg
INFO: [ app_init ] --START--
INFO: Run Behavior\BuildLiteBehavior [ RunTime:0.000050s ]
INFO: [ app_init ] --END-- [ RunTime:0.001387s ]
ERR: 无法加载模块:Pubile

[ 2017-04-25T19:32:33+08:00 ] ::1 /mogu/pubile/images/1.2.jpg
INFO: [ app_init ] --START--
INFO: Run Behavior\BuildLiteBehavior [ RunTime:0.000046s ]
INFO: [ app_init ] --END-- [ RunTime:0.000723s ]
ERR: 无法加载模块:Pubile

[ 2017-04-25T19:34:10+08:00 ] ::1 /mogu/pubile/images/1.1.jpg
INFO: [ app_init ] --START--
INFO: Run Behavior\BuildLiteBehavior [ RunTime:0.000111s ]
INFO: [ app_init ] --END-- [ RunTime:0.002361s ]
ERR: 无法加载模块:Pubile

[ 2017-04-25T19:34:11+08:00 ] ::1 /mogu/pubile/images/1.2.jpg
INFO: [ app_init ] --START--
INFO: Run Behavior\BuildLiteBehavior [ RunTime:0.000039s ]
INFO: [ app_init ] --END-- [ RunTime:0.000604s ]
ERR: 无法加载模块:Pubile

[ 2017-04-25T19:34:11+08:00 ] ::1 /mogu/pubile/images/1.1.jpg
INFO: [ app_init ] --START--
INFO: Run Behavior\BuildLiteBehavior [ RunTime:0.000046s ]
INFO: [ app_init ] --END-- [ RunTime:0.001069s ]
ERR: 无法加载模块:Pubile

[ 2017-04-25T19:34:11+08:00 ] ::1 /mogu/pubile/images/1.2.jpg
INFO: [ app_init ] --START--
INFO: Run Behavior\BuildLiteBehavior [ RunTime:0.000205s ]
INFO: [ app_init ] --END-- [ RunTime:0.005153s ]
ERR: 无法加载模块:Pubile

[ 2017-04-25T19:34:11+08:00 ] ::1 /mogu/pubile/images/1.2.jpg
INFO: [ app_init ] --START--
INFO: Run Behavior\BuildLiteBehavior [ RunTime:0.000051s ]
INFO: [ app_init ] --END-- [ RunTime:0.000797s ]
ERR: 无法加载模块:Pubile

[ 2017-04-25T19:34:11+08:00 ] ::1 /mogu/pubile/images/1.1.jpg
INFO: [ app_init ] --START--
INFO: Run Behavior\BuildLiteBehavior [ RunTime:0.000056s ]
INFO: [ app_init ] --END-- [ RunTime:0.000834s ]
ERR: 无法加载模块:Pubile

[ 2017-04-25T19:34:12+08:00 ] ::1 /mogu/pubile/images/1.2.jpg
INFO: [ app_init ] --START--
INFO: Run Behavior\BuildLiteBehavior [ RunTime:0.000044s ]
INFO: [ app_init ] --END-- [ RunTime:0.000873s ]
ERR: 无法加载模块:Pubile

[ 2017-04-25T19:34:12+08:00 ] ::1 /mogu/pubile/images/1.1.jpg
INFO: [ app_init ] --START--
INFO: Run Behavior\BuildLiteBehavior [ RunTime:0.000041s ]
INFO: [ app_init ] --END-- [ RunTime:0.000674s ]
ERR: 无法加载模块:Pubile

[ 2017-04-25T19:34:12+08:00 ] ::1 /mogu/pubile/images/1.2.jpg
INFO: [ app_init ] --START--
INFO: Run Behavior\BuildLiteBehavior [ RunTime:0.000035s ]
INFO: [ app_init ] --END-- [ RunTime:0.000537s ]
ERR: 无法加载模块:Pubile

[ 2017-04-25T19:34:12+08:00 ] ::1 /mogu/pubile/images/1.1.jpg
INFO: [ app_init ] --START--
INFO: Run Behavior\BuildLiteBehavior [ RunTime:0.000039s ]
INFO: [ app_init ] --END-- [ RunTime:0.000626s ]
ERR: 无法加载模块:Pubile

[ 2017-04-25T19:34:12+08:00 ] ::1 /mogu/pubile/images/1.2.jpg
INFO: [ app_init ] --START--
INFO: Run Behavior\BuildLiteBehavior [ RunTime:0.000038s ]
INFO: [ app_init ] --END-- [ RunTime:0.000557s ]
ERR: 无法加载模块:Pubile

[ 2017-04-25T19:34:12+08:00 ] ::1 /mogu/pubile/images/1.1.jpg
INFO: [ app_init ] --START--
INFO: Run Behavior\BuildLiteBehavior [ RunTime:0.000044s ]
INFO: [ app_init ] --END-- [ RunTime:0.000636s ]
ERR: 无法加载模块:Pubile

[ 2017-04-25T19:34:13+08:00 ] ::1 /mogu/pubile/images/1.1.jpg
INFO: [ app_init ] --START--
INFO: Run Behavior\BuildLiteBehavior [ RunTime:0.000044s ]
INFO: [ app_init ] --END-- [ RunTime:0.000676s ]
ERR: 无法加载模块:Pubile

[ 2017-04-25T19:34:13+08:00 ] ::1 /mogu/pubile/images/1.2.jpg
INFO: [ app_init ] --START--
INFO: Run Behavior\BuildLiteBehavior [ RunTime:0.000043s ]
INFO: [ app_init ] --END-- [ RunTime:0.000677s ]
ERR: 无法加载模块:Pubile

[ 2017-04-25T19:34:13+08:00 ] ::1 /mogu/pubile/images/1.2.jpg
INFO: [ app_init ] --START--
INFO: Run Behavior\BuildLiteBehavior [ RunTime:0.000040s ]
INFO: [ app_init ] --END-- [ RunTime:0.000602s ]
ERR: 无法加载模块:Pubile

[ 2017-04-25T19:34:13+08:00 ] ::1 /mogu/pubile/images/1.1.jpg
INFO: [ app_init ] --START--
INFO: Run Behavior\BuildLiteBehavior [ RunTime:0.000040s ]
INFO: [ app_init ] --END-- [ RunTime:0.000538s ]
ERR: 无法加载模块:Pubile

[ 2017-04-25T19:34:13+08:00 ] ::1 /mogu/pubile/images/1.2.jpg
INFO: [ app_init ] --START--
INFO: Run Behavior\BuildLiteBehavior [ RunTime:0.000036s ]
INFO: [ app_init ] --END-- [ RunTime:0.000524s ]
ERR: 无法加载模块:Pubile

[ 2017-04-25T19:34:13+08:00 ] ::1 /mogu/pubile/images/1.1.jpg
INFO: [ app_init ] --START--
INFO: Run Behavior\BuildLiteBehavior [ RunTime:0.000041s ]
INFO: [ app_init ] --END-- [ RunTime:0.000608s ]
ERR: 无法加载模块:Pubile

[ 2017-04-25T19:34:13+08:00 ] ::1 /mogu/pubile/images/1.1.jpg
INFO: [ app_init ] --START--
INFO: Run Behavior\BuildLiteBehavior [ RunTime:0.000046s ]
INFO: [ app_init ] --END-- [ RunTime:0.001289s ]
ERR: 无法加载模块:Pubile

[ 2017-04-25T19:34:13+08:00 ] ::1 /mogu/pubile/images/1.2.jpg
INFO: [ app_init ] --START--
INFO: Run Behavior\BuildLiteBehavior [ RunTime:0.000043s ]
INFO: [ app_init ] --END-- [ RunTime:0.001285s ]
ERR: 无法加载模块:Pubile

[ 2017-04-25T19:34:14+08:00 ] ::1 /mogu/pubile/images/1.2.jpg
INFO: [ app_init ] --START--
INFO: Run Behavior\BuildLiteBehavior [ RunTime:0.000043s ]
INFO: [ app_init ] --END-- [ RunTime:0.000703s ]
ERR: 无法加载模块:Pubile

[ 2017-04-25T19:34:14+08:00 ] ::1 /mogu/pubile/images/1.1.jpg
INFO: [ app_init ] --START--
INFO: Run Behavior\BuildLiteBehavior [ RunTime:0.000094s ]
INFO: [ app_init ] --END-- [ RunTime:0.000780s ]
ERR: 无法加载模块:Pubile

[ 2017-04-25T19:34:14+08:00 ] ::1 /mogu/pubile/images/1.1.jpg
INFO: [ app_init ] --START--
INFO: Run Behavior\BuildLiteBehavior [ RunTime:0.000050s ]
INFO: [ app_init ] --END-- [ RunTime:0.001608s ]
ERR: 无法加载模块:Pubile

[ 2017-04-25T19:34:14+08:00 ] ::1 /mogu/pubile/images/1.2.jpg
INFO: [ app_init ] --START--
INFO: Run Behavior\BuildLiteBehavior [ RunTime:0.000075s ]
INFO: [ app_init ] --END-- [ RunTime:0.005726s ]
ERR: 无法加载模块:Pubile

[ 2017-04-25T19:34:19+08:00 ] ::1 /mogu/pubile/images/1.2.jpg
INFO: [ app_init ] --START--
INFO: Run Behavior\BuildLiteBehavior [ RunTime:0.000044s ]
INFO: [ app_init ] --END-- [ RunTime:0.000790s ]
ERR: 无法加载模块:Pubile

[ 2017-04-25T19:34:19+08:00 ] ::1 /mogu/pubile/images/1.1.jpg
INFO: [ app_init ] --START--
INFO: Run Behavior\BuildLiteBehavior [ RunTime:0.000044s ]
INFO: [ app_init ] --END-- [ RunTime:0.000835s ]
ERR: 无法加载模块:Pubile

[ 2017-04-25T19:34:20+08:00 ] ::1 /mogu/pubile/images/1.2.jpg
INFO: [ app_init ] --START--
INFO: Run Behavior\BuildLiteBehavior [ RunTime:0.000041s ]
INFO: [ app_init ] --END-- [ RunTime:0.000633s ]
ERR: 无法加载模块:Pubile

[ 2017-04-25T19:34:20+08:00 ] ::1 /mogu/pubile/images/1.1.jpg
INFO: [ app_init ] --START--
INFO: Run Behavior\BuildLiteBehavior [ RunTime:0.000037s ]
INFO: [ app_init ] --END-- [ RunTime:0.000563s ]
ERR: 无法加载模块:Pubile

[ 2017-04-25T19:35:23+08:00 ] ::1 /mogu/pubile/images/1.2.jpg
INFO: [ app_init ] --START--
INFO: Run Behavior\BuildLiteBehavior [ RunTime:0.000045s ]
INFO: [ app_init ] --END-- [ RunTime:0.000792s ]
ERR: 无法加载模块:Pubile

[ 2017-04-25T19:35:23+08:00 ] ::1 /mogu/pubile/images/1.1.jpg
INFO: [ app_init ] --START--
INFO: Run Behavior\BuildLiteBehavior [ RunTime:0.000045s ]
INFO: [ app_init ] --END-- [ RunTime:0.001272s ]
ERR: 无法加载模块:Pubile

[ 2017-04-25T19:35:24+08:00 ] ::1 /mogu/pubile/images/1.1.jpg
INFO: [ app_init ] --START--
INFO: Run Behavior\BuildLiteBehavior [ RunTime:0.000038s ]
INFO: [ app_init ] --END-- [ RunTime:0.000559s ]
ERR: 无法加载模块:Pubile

[ 2017-04-25T19:35:24+08:00 ] ::1 /mogu/pubile/images/1.2.jpg
INFO: [ app_init ] --START--
INFO: Run Behavior\BuildLiteBehavior [ RunTime:0.000036s ]
INFO: [ app_init ] --END-- [ RunTime:0.000625s ]
ERR: 无法加载模块:Pubile

[ 2017-04-25T19:35:24+08:00 ] ::1 /mogu/pubile/images/1.2.jpg
INFO: [ app_init ] --START--
INFO: Run Behavior\BuildLiteBehavior [ RunTime:0.000047s ]
INFO: [ app_init ] --END-- [ RunTime:0.001481s ]
ERR: 无法加载模块:Pubile

[ 2017-04-25T19:35:25+08:00 ] ::1 /mogu/pubile/images/1.1.jpg
INFO: [ app_init ] --START--
INFO: Run Behavior\BuildLiteBehavior [ RunTime:0.000043s ]
INFO: [ app_init ] --END-- [ RunTime:0.000705s ]
ERR: 无法加载模块:Pubile

[ 2017-04-25T19:35:25+08:00 ] ::1 /mogu/pubile/images/1.1.jpg
INFO: [ app_init ] --START--
INFO: Run Behavior\BuildLiteBehavior [ RunTime:0.000042s ]
INFO: [ app_init ] --END-- [ RunTime:0.000600s ]
ERR: 无法加载模块:Pubile

[ 2017-04-25T19:35:25+08:00 ] ::1 /mogu/pubile/images/1.2.jpg
INFO: [ app_init ] --START--
INFO: Run Behavior\BuildLiteBehavior [ RunTime:0.000039s ]
INFO: [ app_init ] --END-- [ RunTime:0.000621s ]
ERR: 无法加载模块:Pubile

[ 2017-04-25T19:35:26+08:00 ] ::1 /mogu/pubile/images/1.2.jpg
INFO: [ app_init ] --START--
INFO: Run Behavior\BuildLiteBehavior [ RunTime:0.000043s ]
INFO: [ app_init ] --END-- [ RunTime:0.000936s ]
ERR: 无法加载模块:Pubile

[ 2017-04-25T19:35:26+08:00 ] ::1 /mogu/pubile/images/1.1.jpg
INFO: [ app_init ] --START--
INFO: Run Behavior\BuildLiteBehavior [ RunTime:0.000044s ]
INFO: [ app_init ] --END-- [ RunTime:0.000859s ]
ERR: 无法加载模块:Pubile

[ 2017-04-25T19:35:28+08:00 ] ::1 /mogu/pubile/images/1.2.jpg
INFO: [ app_init ] --START--
INFO: Run Behavior\BuildLiteBehavior [ RunTime:0.000113s ]
INFO: [ app_init ] --END-- [ RunTime:0.001720s ]
ERR: 无法加载模块:Pubile

[ 2017-04-25T19:35:28+08:00 ] ::1 /mogu/pubile/images/1.1.jpg
INFO: [ app_init ] --START--
INFO: Run Behavior\BuildLiteBehavior [ RunTime:0.000111s ]
INFO: [ app_init ] --END-- [ RunTime:0.001665s ]
ERR: 无法加载模块:Pubile

[ 2017-04-25T19:35:29+08:00 ] ::1 /mogu/pubile/images/1.2.jpg
INFO: [ app_init ] --START--
INFO: Run Behavior\BuildLiteBehavior [ RunTime:0.000037s ]
INFO: [ app_init ] --END-- [ RunTime:0.000562s ]
ERR: 无法加载模块:Pubile

[ 2017-04-25T19:35:29+08:00 ] ::1 /mogu/pubile/images/1.1.jpg
INFO: [ app_init ] --START--
INFO: Run Behavior\BuildLiteBehavior [ RunTime:0.000037s ]
INFO: [ app_init ] --END-- [ RunTime:0.000602s ]
ERR: 无法加载模块:Pubile

[ 2017-04-25T19:35:32+08:00 ] ::1 /mogu/pubile/images/1.1.jpg
INFO: [ app_init ] --START--
INFO: Run Behavior\BuildLiteBehavior [ RunTime:0.000058s ]
INFO: [ app_init ] --END-- [ RunTime:0.000875s ]
ERR: 无法加载模块:Pubile

[ 2017-04-25T19:35:32+08:00 ] ::1 /mogu/pubile/images/1.2.jpg
INFO: [ app_init ] --START--
INFO: Run Behavior\BuildLiteBehavior [ RunTime:0.000046s ]
INFO: [ app_init ] --END-- [ RunTime:0.000813s ]
ERR: 无法加载模块:Pubile

[ 2017-04-25T19:35:33+08:00 ] ::1 /mogu/pubile/images/1.1.jpg
INFO: [ app_init ] --START--
INFO: Run Behavior\BuildLiteBehavior [ RunTime:0.000049s ]
INFO: [ app_init ] --END-- [ RunTime:0.000764s ]
ERR: 无法加载模块:Pubile

[ 2017-04-25T19:35:33+08:00 ] ::1 /mogu/pubile/images/1.2.jpg
INFO: [ app_init ] --START--
INFO: Run Behavior\BuildLiteBehavior [ RunTime:0.000044s ]
INFO: [ app_init ] --END-- [ RunTime:0.000664s ]
ERR: 无法加载模块:Pubile

[ 2017-04-25T19:35:33+08:00 ] ::1 /mogu/pubile/images/1.2.jpg
INFO: [ app_init ] --START--
INFO: Run Behavior\BuildLiteBehavior [ RunTime:0.000046s ]
INFO: [ app_init ] --END-- [ RunTime:0.001378s ]
ERR: 无法加载模块:Pubile

[ 2017-04-25T19:35:33+08:00 ] ::1 /mogu/pubile/images/1.1.jpg
INFO: [ app_init ] --START--
INFO: Run Behavior\BuildLiteBehavior [ RunTime:0.000041s ]
INFO: [ app_init ] --END-- [ RunTime:0.000871s ]
ERR: 无法加载模块:Pubile

[ 2017-04-25T19:35:34+08:00 ] ::1 /mogu/pubile/images/1.2.jpg
INFO: [ app_init ] --START--
INFO: Run Behavior\BuildLiteBehavior [ RunTime:0.000047s ]
INFO: [ app_init ] --END-- [ RunTime:0.000934s ]
ERR: 无法加载模块:Pubile

[ 2017-04-25T19:35:34+08:00 ] ::1 /mogu/pubile/images/1.1.jpg
INFO: [ app_init ] --START--
INFO: Run Behavior\BuildLiteBehavior [ RunTime:0.000114s ]
INFO: [ app_init ] --END-- [ RunTime:0.003305s ]
ERR: 无法加载模块:Pubile

[ 2017-04-25T19:35:34+08:00 ] ::1 /mogu/pubile/images/1.2.jpg
INFO: [ app_init ] --START--
INFO: Run Behavior\BuildLiteBehavior [ RunTime:0.000074s ]
INFO: [ app_init ] --END-- [ RunTime:0.002693s ]
ERR: 无法加载模块:Pubile

[ 2017-04-25T19:35:34+08:00 ] ::1 /mogu/pubile/images/1.1.jpg
INFO: [ app_init ] --START--
INFO: Run Behavior\BuildLiteBehavior [ RunTime:0.000056s ]
INFO: [ app_init ] --END-- [ RunTime:0.002631s ]
ERR: 无法加载模块:Pubile

[ 2017-04-25T19:35:35+08:00 ] ::1 /mogu/pubile/images/1.1.jpg
INFO: [ app_init ] --START--
INFO: Run Behavior\BuildLiteBehavior [ RunTime:0.000045s ]
INFO: [ app_init ] --END-- [ RunTime:0.000895s ]
ERR: 无法加载模块:Pubile

[ 2017-04-25T19:35:35+08:00 ] ::1 /mogu/pubile/images/1.2.jpg
INFO: [ app_init ] --START--
INFO: Run Behavior\BuildLiteBehavior [ RunTime:0.000044s ]
INFO: [ app_init ] --END-- [ RunTime:0.000866s ]
ERR: 无法加载模块:Pubile

[ 2017-04-25T19:35:35+08:00 ] ::1 /mogu/pubile/images/1.2.jpg
INFO: [ app_init ] --START--
INFO: Run Behavior\BuildLiteBehavior [ RunTime:0.000058s ]
INFO: [ app_init ] --END-- [ RunTime:0.000679s ]
ERR: 无法加载模块:Pubile

[ 2017-04-25T19:35:35+08:00 ] ::1 /mogu/pubile/images/1.1.jpg
INFO: [ app_init ] --START--
INFO: Run Behavior\BuildLiteBehavior [ RunTime:0.000096s ]
INFO: [ app_init ] --END-- [ RunTime:0.001080s ]
ERR: 无法加载模块:Pubile

[ 2017-04-25T19:35:54+08:00 ] ::1 /mogu/pubile/images/1.1.jpg
INFO: [ app_init ] --START--
INFO: Run Behavior\BuildLiteBehavior [ RunTime:0.000041s ]
INFO: [ app_init ] --END-- [ RunTime:0.000625s ]
ERR: 无法加载模块:Pubile

[ 2017-04-25T19:35:54+08:00 ] ::1 /mogu/pubile/images/1.2.jpg
INFO: [ app_init ] --START--
INFO: Run Behavior\BuildLiteBehavior [ RunTime:0.000045s ]
INFO: [ app_init ] --END-- [ RunTime:0.000681s ]
ERR: 无法加载模块:Pubile

[ 2017-04-25T19:35:56+08:00 ] ::1 /mogu/pubile/images/1.2.jpg
INFO: [ app_init ] --START--
INFO: Run Behavior\BuildLiteBehavior [ RunTime:0.000041s ]
INFO: [ app_init ] --END-- [ RunTime:0.000845s ]
ERR: 无法加载模块:Pubile

[ 2017-04-25T19:35:56+08:00 ] ::1 /mogu/pubile/images/1.1.jpg
INFO: [ app_init ] --START--
INFO: Run Behavior\BuildLiteBehavior [ RunTime:0.000043s ]
INFO: [ app_init ] --END-- [ RunTime:0.000745s ]
ERR: 无法加载模块:Pubile

[ 2017-04-25T19:35:56+08:00 ] ::1 /mogu/pubile/images/1.1.jpg
INFO: [ app_init ] --START--
INFO: Run Behavior\BuildLiteBehavior [ RunTime:0.000098s ]
INFO: [ app_init ] --END-- [ RunTime:0.000917s ]
ERR: 无法加载模块:Pubile

[ 2017-04-25T19:35:56+08:00 ] ::1 /mogu/pubile/images/1.2.jpg
INFO: [ app_init ] --START--
INFO: Run Behavior\BuildLiteBehavior [ RunTime:0.000047s ]
INFO: [ app_init ] --END-- [ RunTime:0.001133s ]
ERR: 无法加载模块:Pubile

[ 2017-04-25T19:35:59+08:00 ] ::1 /mogu/pubile/images/1.1.jpg
INFO: [ app_init ] --START--
INFO: Run Behavior\BuildLiteBehavior [ RunTime:0.000063s ]
INFO: [ app_init ] --END-- [ RunTime:0.001165s ]
ERR: 无法加载模块:Pubile

[ 2017-04-25T19:35:59+08:00 ] ::1 /mogu/pubile/images/1.1.jpg
INFO: [ app_init ] --START--
INFO: Run Behavior\BuildLiteBehavior [ RunTime:0.000039s ]
INFO: [ app_init ] --END-- [ RunTime:0.000732s ]
ERR: 无法加载模块:Pubile

[ 2017-04-25T19:35:59+08:00 ] ::1 /mogu/pubile/images/1.2.jpg
INFO: [ app_init ] --START--
INFO: Run Behavior\BuildLiteBehavior [ RunTime:0.000038s ]
INFO: [ app_init ] --END-- [ RunTime:0.000749s ]
ERR: 无法加载模块:Pubile

[ 2017-04-25T19:35:59+08:00 ] ::1 /mogu/pubile/images/1.1.jpg
INFO: [ app_init ] --START--
INFO: Run Behavior\BuildLiteBehavior [ RunTime:0.000062s ]
INFO: [ app_init ] --END-- [ RunTime:0.000757s ]
ERR: 无法加载模块:Pubile

[ 2017-04-25T19:35:59+08:00 ] ::1 /mogu/pubile/images/1.2.jpg
INFO: [ app_init ] --START--
INFO: Run Behavior\BuildLiteBehavior [ RunTime:0.000055s ]
INFO: [ app_init ] --END-- [ RunTime:0.000937s ]
ERR: 无法加载模块:Pubile

[ 2017-04-25T19:36:02+08:00 ] ::1 /mogu/pubile/images/1.1.jpg
INFO: [ app_init ] --START--
INFO: Run Behavior\BuildLiteBehavior [ RunTime:0.000114s ]
INFO: [ app_init ] --END-- [ RunTime:0.001032s ]
ERR: 无法加载模块:Pubile

[ 2017-04-25T19:36:02+08:00 ] ::1 /mogu/pubile/images/1.2.jpg
INFO: [ app_init ] --START--
INFO: Run Behavior\BuildLiteBehavior [ RunTime:0.000101s ]
INFO: [ app_init ] --END-- [ RunTime:0.001021s ]
ERR: 无法加载模块:Pubile

[ 2017-04-25T19:36:02+08:00 ] ::1 /mogu/pubile/images/1.1.jpg
INFO: [ app_init ] --START--
INFO: Run Behavior\BuildLiteBehavior [ RunTime:0.000050s ]
INFO: [ app_init ] --END-- [ RunTime:0.000622s ]
ERR: 无法加载模块:Pubile

[ 2017-04-25T19:36:02+08:00 ] ::1 /mogu/pubile/images/1.2.jpg
INFO: [ app_init ] --START--
INFO: Run Behavior\BuildLiteBehavior [ RunTime:0.000041s ]
INFO: [ app_init ] --END-- [ RunTime:0.000833s ]
ERR: 无法加载模块:Pubile

[ 2017-04-25T19:36:02+08:00 ] ::1 /mogu/pubile/images/1.2.jpg
INFO: [ app_init ] --START--
INFO: Run Behavior\BuildLiteBehavior [ RunTime:0.000046s ]
INFO: [ app_init ] --END-- [ RunTime:0.000688s ]
ERR: 无法加载模块:Pubile

[ 2017-04-25T19:36:02+08:00 ] ::1 /mogu/pubile/images/1.1.jpg
INFO: [ app_init ] --START--
INFO: Run Behavior\BuildLiteBehavior [ RunTime:0.000072s ]
INFO: [ app_init ] --END-- [ RunTime:0.003281s ]
ERR: 无法加载模块:Pubile

[ 2017-04-25T19:36:03+08:00 ] ::1 /mogu/pubile/images/1.1.jpg
INFO: [ app_init ] --START--
INFO: Run Behavior\BuildLiteBehavior [ RunTime:0.000044s ]
INFO: [ app_init ] --END-- [ RunTime:0.000874s ]
ERR: 无法加载模块:Pubile

[ 2017-04-25T19:36:03+08:00 ] ::1 /mogu/pubile/images/1.2.jpg
INFO: [ app_init ] --START--
INFO: Run Behavior\BuildLiteBehavior [ RunTime:0.000038s ]
INFO: [ app_init ] --END-- [ RunTime:0.000747s ]
ERR: 无法加载模块:Pubile

[ 2017-04-25T19:36:03+08:00 ] ::1 /mogu/pubile/images/1.1.jpg
INFO: [ app_init ] --START--
INFO: Run Behavior\BuildLiteBehavior [ RunTime:0.000043s ]
INFO: [ app_init ] --END-- [ RunTime:0.000937s ]
ERR: 无法加载模块:Pubile

[ 2017-04-25T19:36:03+08:00 ] ::1 /mogu/pubile/images/1.2.jpg
INFO: [ app_init ] --START--
INFO: Run Behavior\BuildLiteBehavior [ RunTime:0.000063s ]
INFO: [ app_init ] --END-- [ RunTime:0.001278s ]
ERR: 无法加载模块:Pubile

[ 2017-04-25T19:37:53+08:00 ] ::1 /mogu/pubile/images/1.1.jpg
INFO: [ app_init ] --START--
INFO: Run Behavior\BuildLiteBehavior [ RunTime:0.000065s ]
INFO: [ app_init ] --END-- [ RunTime:0.000923s ]
ERR: 无法加载模块:Pubile

[ 2017-04-25T19:37:53+08:00 ] ::1 /mogu/pubile/images/1.2.jpg
INFO: [ app_init ] --START--
INFO: Run Behavior\BuildLiteBehavior [ RunTime:0.000085s ]
INFO: [ app_init ] --END-- [ RunTime:0.000873s ]
ERR: 无法加载模块:Pubile

[ 2017-04-25T19:37:54+08:00 ] ::1 /mogu/pubile/images/1.1.jpg
INFO: [ app_init ] --START--
INFO: Run Behavior\BuildLiteBehavior [ RunTime:0.000135s ]
INFO: [ app_init ] --END-- [ RunTime:0.001584s ]
ERR: 无法加载模块:Pubile

[ 2017-04-25T19:37:54+08:00 ] ::1 /mogu/pubile/images/1.2.jpg
INFO: [ app_init ] --START--
INFO: Run Behavior\BuildLiteBehavior [ RunTime:0.000040s ]
INFO: [ app_init ] --END-- [ RunTime:0.000641s ]
ERR: 无法加载模块:Pubile

[ 2017-04-25T19:37:54+08:00 ] ::1 /mogu/pubile/images/1.1.jpg
INFO: [ app_init ] --START--
INFO: Run Behavior\BuildLiteBehavior [ RunTime:0.000046s ]
INFO: [ app_init ] --END-- [ RunTime:0.000875s ]
ERR: 无法加载模块:Pubile

[ 2017-04-25T19:37:54+08:00 ] ::1 /mogu/pubile/images/1.2.jpg
INFO: [ app_init ] --START--
INFO: Run Behavior\BuildLiteBehavior [ RunTime:0.000041s ]
INFO: [ app_init ] --END-- [ RunTime:0.000899s ]
ERR: 无法加载模块:Pubile

[ 2017-04-25T19:38:24+08:00 ] ::1 /mogu/pubile/images/1.1.jpg
INFO: [ app_init ] --START--
INFO: Run Behavior\BuildLiteBehavior [ RunTime:0.000079s ]
INFO: [ app_init ] --END-- [ RunTime:0.000866s ]
ERR: 无法加载模块:Pubile

[ 2017-04-25T19:38:24+08:00 ] ::1 /mogu/pubile/images/1.2.jpg
INFO: [ app_init ] --START--
INFO: Run Behavior\BuildLiteBehavior [ RunTime:0.000041s ]
INFO: [ app_init ] --END-- [ RunTime:0.000714s ]
ERR: 无法加载模块:Pubile

[ 2017-04-25T19:38:25+08:00 ] ::1 /mogu/pubile/images/1.1.jpg
INFO: [ app_init ] --START--
INFO: Run Behavior\BuildLiteBehavior [ RunTime:0.000042s ]
INFO: [ app_init ] --END-- [ RunTime:0.000618s ]
ERR: 无法加载模块:Pubile

[ 2017-04-25T19:38:25+08:00 ] ::1 /mogu/pubile/images/1.2.jpg
INFO: [ app_init ] --START--
INFO: Run Behavior\BuildLiteBehavior [ RunTime:0.000044s ]
INFO: [ app_init ] --END-- [ RunTime:0.000616s ]
ERR: 无法加载模块:Pubile

[ 2017-04-25T19:38:25+08:00 ] ::1 /mogu/pubile/images/1.1.jpg
INFO: [ app_init ] --START--
INFO: Run Behavior\BuildLiteBehavior [ RunTime:0.000042s ]
INFO: [ app_init ] --END-- [ RunTime:0.000752s ]
ERR: 无法加载模块:Pubile

[ 2017-04-25T19:38:25+08:00 ] ::1 /mogu/pubile/images/1.2.jpg
INFO: [ app_init ] --START--
INFO: Run Behavior\BuildLiteBehavior [ RunTime:0.005666s ]
INFO: [ app_init ] --END-- [ RunTime:0.006256s ]
ERR: 无法加载模块:Pubile

[ 2017-04-25T19:38:41+08:00 ] ::1 /mogu/pubile/images/1.2.jpg
INFO: [ app_init ] --START--
INFO: Run Behavior\BuildLiteBehavior [ RunTime:0.000069s ]
INFO: [ app_init ] --END-- [ RunTime:0.000902s ]
ERR: 无法加载模块:Pubile

[ 2017-04-25T19:38:41+08:00 ] ::1 /mogu/pubile/images/1.1.jpg
INFO: [ app_init ] --START--
INFO: Run Behavior\BuildLiteBehavior [ RunTime:0.000047s ]
INFO: [ app_init ] --END-- [ RunTime:0.003767s ]
ERR: 无法加载模块:Pubile

[ 2017-04-25T19:38:42+08:00 ] ::1 /mogu/pubile/images/1.1.jpg
INFO: [ app_init ] --START--
INFO: Run Behavior\BuildLiteBehavior [ RunTime:0.000058s ]
INFO: [ app_init ] --END-- [ RunTime:0.001025s ]
ERR: 无法加载模块:Pubile

[ 2017-04-25T19:38:42+08:00 ] ::1 /mogu/pubile/images/1.2.jpg
INFO: [ app_init ] --START--
INFO: Run Behavior\BuildLiteBehavior [ RunTime:0.000043s ]
INFO: [ app_init ] --END-- [ RunTime:0.000677s ]
ERR: 无法加载模块:Pubile

[ 2017-04-25T19:38:42+08:00 ] ::1 /mogu/pubile/images/1.1.jpg
INFO: [ app_init ] --START--
INFO: Run Behavior\BuildLiteBehavior [ RunTime:0.000045s ]
INFO: [ app_init ] --END-- [ RunTime:0.000653s ]
ERR: 无法加载模块:Pubile

[ 2017-04-25T19:38:42+08:00 ] ::1 /mogu/pubile/images/1.2.jpg
INFO: [ app_init ] --START--
INFO: Run Behavior\BuildLiteBehavior [ RunTime:0.000040s ]
INFO: [ app_init ] --END-- [ RunTime:0.000715s ]
ERR: 无法加载模块:Pubile

[ 2017-04-25T19:38:47+08:00 ] ::1 /mogu/pubile/images/1.2.jpg
INFO: [ app_init ] --START--
INFO: Run Behavior\BuildLiteBehavior [ RunTime:0.000039s ]
INFO: [ app_init ] --END-- [ RunTime:0.000713s ]
ERR: 无法加载模块:Pubile

[ 2017-04-25T19:38:47+08:00 ] ::1 /mogu/pubile/images/1.1.jpg
INFO: [ app_init ] --START--
INFO: Run Behavior\BuildLiteBehavior [ RunTime:0.000041s ]
INFO: [ app_init ] --END-- [ RunTime:0.000757s ]
ERR: 无法加载模块:Pubile

[ 2017-04-25T19:38:47+08:00 ] ::1 /mogu/pubile/images/1.1.jpg
INFO: [ app_init ] --START--
INFO: Run Behavior\BuildLiteBehavior [ RunTime:0.000045s ]
INFO: [ app_init ] --END-- [ RunTime:0.000692s ]
ERR: 无法加载模块:Pubile

[ 2017-04-25T19:38:47+08:00 ] ::1 /mogu/pubile/images/1.2.jpg
INFO: [ app_init ] --START--
INFO: Run Behavior\BuildLiteBehavior [ RunTime:0.000040s ]
INFO: [ app_init ] --END-- [ RunTime:0.000596s ]
ERR: 无法加载模块:Pubile

[ 2017-04-25T19:39:19+08:00 ] ::1 /mogu/pubile/images/1.1.jpg
INFO: [ app_init ] --START--
INFO: Run Behavior\BuildLiteBehavior [ RunTime:0.000043s ]
INFO: [ app_init ] --END-- [ RunTime:0.000612s ]
ERR: 无法加载模块:Pubile

[ 2017-04-25T19:39:19+08:00 ] ::1 /mogu/pubile/images/1.2.jpg
INFO: [ app_init ] --START--
INFO: Run Behavior\BuildLiteBehavior [ RunTime:0.000041s ]
INFO: [ app_init ] --END-- [ RunTime:0.000635s ]
ERR: 无法加载模块:Pubile

[ 2017-04-25T19:39:20+08:00 ] ::1 /mogu/pubile/images/1.2.jpg
INFO: [ app_init ] --START--
INFO: Run Behavior\BuildLiteBehavior [ RunTime:0.000042s ]
INFO: [ app_init ] --END-- [ RunTime:0.000744s ]
ERR: 无法加载模块:Pubile

[ 2017-04-25T19:39:20+08:00 ] ::1 /mogu/pubile/images/1.1.jpg
INFO: [ app_init ] --START--
INFO: Run Behavior\BuildLiteBehavior [ RunTime:0.000042s ]
INFO: [ app_init ] --END-- [ RunTime:0.000743s ]
ERR: 无法加载模块:Pubile

[ 2017-04-25T19:39:20+08:00 ] ::1 /mogu/pubile/images/1.2.jpg
INFO: [ app_init ] --START--
INFO: Run Behavior\BuildLiteBehavior [ RunTime:0.000076s ]
INFO: [ app_init ] --END-- [ RunTime:0.000881s ]
ERR: 无法加载模块:Pubile

[ 2017-04-25T19:39:20+08:00 ] ::1 /mogu/pubile/images/1.1.jpg
INFO: [ app_init ] --START--
INFO: Run Behavior\BuildLiteBehavior [ RunTime:0.000062s ]
INFO: [ app_init ] --END-- [ RunTime:0.001029s ]
ERR: 无法加载模块:Pubile

[ 2017-04-25T19:39:21+08:00 ] ::1 /mogu/pubile/images/1.2.jpg
INFO: [ app_init ] --START--
INFO: Run Behavior\BuildLiteBehavior [ RunTime:0.000046s ]
INFO: [ app_init ] --END-- [ RunTime:0.000889s ]
ERR: 无法加载模块:Pubile

[ 2017-04-25T19:39:21+08:00 ] ::1 /mogu/pubile/images/1.1.jpg
INFO: [ app_init ] --START--
INFO: Run Behavior\BuildLiteBehavior [ RunTime:0.000046s ]
INFO: [ app_init ] --END-- [ RunTime:0.000942s ]
ERR: 无法加载模块:Pubile

[ 2017-04-25T19:39:21+08:00 ] ::1 /mogu/pubile/images/1.2.jpg
INFO: [ app_init ] --START--
INFO: Run Behavior\BuildLiteBehavior [ RunTime:0.000041s ]
INFO: [ app_init ] --END-- [ RunTime:0.000621s ]
ERR: 无法加载模块:Pubile

[ 2017-04-25T19:39:21+08:00 ] ::1 /mogu/pubile/images/1.1.jpg
INFO: [ app_init ] --START--
INFO: Run Behavior\BuildLiteBehavior [ RunTime:0.000043s ]
INFO: [ app_init ] --END-- [ RunTime:0.000633s ]
ERR: 无法加载模块:Pubile

[ 2017-04-25T19:39:22+08:00 ] ::1 /mogu/pubile/images/1.1.jpg
INFO: [ app_init ] --START--
INFO: Run Behavior\BuildLiteBehavior [ RunTime:0.000044s ]
INFO: [ app_init ] --END-- [ RunTime:0.000764s ]
ERR: 无法加载模块:Pubile

[ 2017-04-25T19:39:22+08:00 ] ::1 /mogu/pubile/images/1.2.jpg
INFO: [ app_init ] --START--
INFO: Run Behavior\BuildLiteBehavior [ RunTime:0.000045s ]
INFO: [ app_init ] --END-- [ RunTime:0.000764s ]
ERR: 无法加载模块:Pubile

[ 2017-04-25T19:39:22+08:00 ] ::1 /mogu/pubile/images/1.1.jpg
INFO: [ app_init ] --START--
INFO: Run Behavior\BuildLiteBehavior [ RunTime:0.000043s ]
INFO: [ app_init ] --END-- [ RunTime:0.000570s ]
ERR: 无法加载模块:Pubile

[ 2017-04-25T19:39:22+08:00 ] ::1 /mogu/pubile/images/1.2.jpg
INFO: [ app_init ] --START--
INFO: Run Behavior\BuildLiteBehavior [ RunTime:0.000043s ]
INFO: [ app_init ] --END-- [ RunTime:0.000595s ]
ERR: 无法加载模块:Pubile

[ 2017-04-25T19:39:30+08:00 ] ::1 /mogu/pubile/images/1.1.jpg
INFO: [ app_init ] --START--
INFO: Run Behavior\BuildLiteBehavior [ RunTime:0.000038s ]
INFO: [ app_init ] --END-- [ RunTime:0.000639s ]
ERR: 无法加载模块:Pubile

[ 2017-04-25T19:39:30+08:00 ] ::1 /mogu/pubile/images/1.2.jpg
INFO: [ app_init ] --START--
INFO: Run Behavior\BuildLiteBehavior [ RunTime:0.000060s ]
INFO: [ app_init ] --END-- [ RunTime:0.000953s ]
ERR: 无法加载模块:Pubile

[ 2017-04-25T19:39:32+08:00 ] ::1 /mogu/pubile/images/1.1.jpg
INFO: [ app_init ] --START--
INFO: Run Behavior\BuildLiteBehavior [ RunTime:0.000040s ]
INFO: [ app_init ] --END-- [ RunTime:0.000651s ]
ERR: 无法加载模块:Pubile

[ 2017-04-25T19:39:32+08:00 ] ::1 /mogu/pubile/images/1.2.jpg
INFO: [ app_init ] --START--
INFO: Run Behavior\BuildLiteBehavior [ RunTime:0.000039s ]
INFO: [ app_init ] --END-- [ RunTime:0.000585s ]
ERR: 无法加载模块:Pubile

[ 2017-04-25T19:39:32+08:00 ] ::1 /mogu/pubile/images/1.2.jpg
INFO: [ app_init ] --START--
INFO: Run Behavior\BuildLiteBehavior [ RunTime:0.000041s ]
INFO: [ app_init ] --END-- [ RunTime:0.000686s ]
ERR: 无法加载模块:Pubile

[ 2017-04-25T19:39:32+08:00 ] ::1 /mogu/pubile/images/1.1.jpg
INFO: [ app_init ] --START--
INFO: Run Behavior\BuildLiteBehavior [ RunTime:0.000043s ]
INFO: [ app_init ] --END-- [ RunTime:0.000678s ]
ERR: 无法加载模块:Pubile

[ 2017-04-25T19:39:53+08:00 ] ::1 /mogu/pubile/images/1.1.jpg
INFO: [ app_init ] --START--
INFO: Run Behavior\BuildLiteBehavior [ RunTime:0.000046s ]
INFO: [ app_init ] --END-- [ RunTime:0.000758s ]
ERR: 无法加载模块:Pubile

[ 2017-04-25T19:39:53+08:00 ] ::1 /mogu/pubile/images/1.2.jpg
INFO: [ app_init ] --START--
INFO: Run Behavior\BuildLiteBehavior [ RunTime:0.000046s ]
INFO: [ app_init ] --END-- [ RunTime:0.001674s ]
ERR: 无法加载模块:Pubile

[ 2017-04-25T19:39:55+08:00 ] ::1 /mogu/pubile/images/1.2.jpg
INFO: [ app_init ] --START--
INFO: Run Behavior\BuildLiteBehavior [ RunTime:0.000047s ]
INFO: [ app_init ] --END-- [ RunTime:0.001042s ]
ERR: 无法加载模块:Pubile

[ 2017-04-25T19:39:55+08:00 ] ::1 /mogu/pubile/images/1.1.jpg
INFO: [ app_init ] --START--
INFO: Run Behavior\BuildLiteBehavior [ RunTime:0.000046s ]
INFO: [ app_init ] --END-- [ RunTime:0.001098s ]
ERR: 无法加载模块:Pubile

[ 2017-04-25T19:40:04+08:00 ] ::1 /mogu/pubile/images/1.1.jpg
INFO: [ app_init ] --START--
INFO: Run Behavior\BuildLiteBehavior [ RunTime:0.000036s ]
INFO: [ app_init ] --END-- [ RunTime:0.000552s ]
ERR: 无法加载模块:Pubile

[ 2017-04-25T19:40:04+08:00 ] ::1 /mogu/pubile/images/1.2.jpg
INFO: [ app_init ] --START--
INFO: Run Behavior\BuildLiteBehavior [ RunTime:0.000056s ]
INFO: [ app_init ] --END-- [ RunTime:0.000640s ]
ERR: 无法加载模块:Pubile

[ 2017-04-25T19:40:05+08:00 ] ::1 /mogu/pubile/images/1.1.jpg
INFO: [ app_init ] --START--
INFO: Run Behavior\BuildLiteBehavior [ RunTime:0.000038s ]
INFO: [ app_init ] --END-- [ RunTime:0.000473s ]
ERR: 无法加载模块:Pubile

[ 2017-04-25T19:40:05+08:00 ] ::1 /mogu/pubile/images/1.2.jpg
INFO: [ app_init ] --START--
INFO: Run Behavior\BuildLiteBehavior [ RunTime:0.000038s ]
INFO: [ app_init ] --END-- [ RunTime:0.000535s ]
ERR: 无法加载模块:Pubile

[ 2017-04-25T19:40:05+08:00 ] ::1 /mogu/pubile/images/1.1.jpg
INFO: [ app_init ] --START--
INFO: Run Behavior\BuildLiteBehavior [ RunTime:0.000041s ]
INFO: [ app_init ] --END-- [ RunTime:0.000544s ]
ERR: 无法加载模块:Pubile

[ 2017-04-25T19:40:05+08:00 ] ::1 /mogu/pubile/images/1.2.jpg
INFO: [ app_init ] --START--
INFO: Run Behavior\BuildLiteBehavior [ RunTime:0.000041s ]
INFO: [ app_init ] --END-- [ RunTime:0.000612s ]
ERR: 无法加载模块:Pubile

[ 2017-04-25T19:46:42+08:00 ] ::1 /mogu/pubile/images/1.1.jpg
INFO: [ app_init ] --START--
INFO: Run Behavior\BuildLiteBehavior [ RunTime:0.000042s ]
INFO: [ app_init ] --END-- [ RunTime:0.000658s ]
ERR: 无法加载模块:Pubile

[ 2017-04-25T19:46:42+08:00 ] ::1 /mogu/pubile/images/1.2.jpg
INFO: [ app_init ] --START--
INFO: Run Behavior\BuildLiteBehavior [ RunTime:0.000023s ]
INFO: [ app_init ] --END-- [ RunTime:0.000374s ]
ERR: 无法加载模块:Pubile

[ 2017-04-25T19:46:43+08:00 ] ::1 /mogu/pubile/images/1.1.jpg
INFO: [ app_init ] --START--
INFO: Run Behavior\BuildLiteBehavior [ RunTime:0.000040s ]
INFO: [ app_init ] --END-- [ RunTime:0.000583s ]
ERR: 无法加载模块:Pubile

[ 2017-04-25T19:46:43+08:00 ] ::1 /mogu/pubile/images/1.2.jpg
INFO: [ app_init ] --START--
INFO: Run Behavior\BuildLiteBehavior [ RunTime:0.000041s ]
INFO: [ app_init ] --END-- [ RunTime:0.000602s ]
ERR: 无法加载模块:Pubile

[ 2017-04-25T19:46:44+08:00 ] ::1 /mogu/pubile/images/1.1.jpg
INFO: [ app_init ] --START--
INFO: Run Behavior\BuildLiteBehavior [ RunTime:0.000038s ]
INFO: [ app_init ] --END-- [ RunTime:0.000639s ]
ERR: 无法加载模块:Pubile

[ 2017-04-25T19:46:44+08:00 ] ::1 /mogu/pubile/images/1.2.jpg
INFO: [ app_init ] --START--
INFO: Run Behavior\BuildLiteBehavior [ RunTime:0.000037s ]
INFO: [ app_init ] --END-- [ RunTime:0.000688s ]
ERR: 无法加载模块:Pubile

[ 2017-04-25T19:46:45+08:00 ] ::1 /mogu/pubile/images/1.1.jpg
INFO: [ app_init ] --START--
INFO: Run Behavior\BuildLiteBehavior [ RunTime:0.000066s ]
INFO: [ app_init ] --END-- [ RunTime:0.001199s ]
ERR: 无法加载模块:Pubile

[ 2017-04-25T19:46:45+08:00 ] ::1 /mogu/pubile/images/1.2.jpg
INFO: [ app_init ] --START--
INFO: Run Behavior\BuildLiteBehavior [ RunTime:0.000039s ]
INFO: [ app_init ] --END-- [ RunTime:0.000618s ]
ERR: 无法加载模块:Pubile

[ 2017-04-25T19:46:45+08:00 ] ::1 /mogu/pubile/images/1.1.jpg
INFO: [ app_init ] --START--
INFO: Run Behavior\BuildLiteBehavior [ RunTime:0.000039s ]
INFO: [ app_init ] --END-- [ RunTime:0.000580s ]
ERR: 无法加载模块:Pubile

[ 2017-04-25T19:46:45+08:00 ] ::1 /mogu/pubile/images/1.2.jpg
INFO: [ app_init ] --START--
INFO: Run Behavior\BuildLiteBehavior [ RunTime:0.000041s ]
INFO: [ app_init ] --END-- [ RunTime:0.000811s ]
ERR: 无法加载模块:Pubile

